Line 20: Class ReportX.ReportSection of control ReportSection3 was not a loaded control class.
Line 29: Class ReportX.ReportField of control dfTipo was not a loaded control class.
Line 48: Class ReportX.ReportField of control dfQuant was not a loaded control class.
Line 68: Class ReportX.ReportField of control rftotal was not a loaded control class.
Line 89: Class ReportX.ReportField of control rfhaveres was not a loaded control class.
Line 110: Class ReportX.ReportField of control rfsubtotal was not a loaded control class.
Line 131: Class ReportX.ReportField of control rfQuant was not a loaded control class.
Line 273: Class ReportX.ReportMain of control Relatorio was not a loaded control class.
Line 286: Class ReportX.ReportSection of control ReportSection2 was not a loaded control class.
Line 294: Class ReportX.ReportField of control ReportField7 was not a loaded control class.
Line 314: Class ReportX.ReportField of control ReportField1 was not a loaded control class.
Line 334: Class ReportX.ReportField of control ReportField2 was not a loaded control class.
Line 353: Class ReportX.ReportField of control ReportField3 was not a loaded control class.
Line 372: Class ReportX.ReportField of control ReportField4 was not a loaded control class.
Line 394: Class ReportX.ReportField of control ReportField5 was not a loaded control class.
Line 415: Class ReportX.ReportField of control ReportField16 was not a loaded control class.
Line 437: Class ReportX.ReportField of control ReportField17 was not a loaded control class.
Line 459: Class ReportX.ReportField of control ReportField6 was not a loaded control class.
Line 479: Class ReportX.ReportField of control ReportField12 was not a loaded control class.
Line 500: Class ReportX.ReportField of control ReportField13 was not a loaded control class.
Line 524: Class ReportX.ReportSection of control ReportSection1 was not a loaded control class.
Line 533: Class ReportX.ReportField of control rf2 was not a loaded control class.
Line 554: Class ReportX.ReportField of control rf1 was not a loaded control class.
Line 575: Class ReportX.ReportField of control rf3 was not a loaded control class.
Line 596: Class ReportX.ReportField of control rf4 was not a loaded control class.
Line 868: Class ReportX.ReportField of control ReportField42 was not a loaded control class.
Line 890: Class ReportX.ReportField of control ReportField43 was not a loaded control class.
Line 912: Class ReportX.ReportField of control ReportField44 was not a loaded control class.
Line 934: Class ReportX.ReportField of control ReportField45 was not a loaded control class.
Line 956: Class ReportX.ReportField of control ReportField8 was not a loaded control class.
Line 978: Class ReportX.ReportField of control ReportField9 was not a loaded control class.
Line 1000: Class ReportX.ReportField of control ReportField10 was not a loaded control class.
Line 1022: Class ReportX.ReportField of control ReportField11 was not a loaded control class.
