Line 14: Class ReportX.ReportMain of control Relatorio was not a loaded control class.
Line 28: Class ReportX.ReportSection of control ReportSection1 was not a loaded control class.
Line 37: Class ReportX.ReportField of control rf2 was not a loaded control class.
Line 58: Class ReportX.ReportField of control rf1 was not a loaded control class.
Line 79: Class ReportX.ReportField of control rf3 was not a loaded control class.
Line 100: Class ReportX.ReportField of control rf4 was not a loaded control class.
Line 121: Class ReportX.ReportField of control txtDHead was not a loaded control class.
Line 332: Class ReportX.ReportSection of control ReportSection2 was not a loaded control class.
Line 340: Class ReportX.ReportField of control ReportField5 was not a loaded control class.
Line 360: Class ReportX.ReportField of control ReportField1 was not a loaded control class.
Line 380: Class ReportX.ReportField of control ReportField4 was not a loaded control class.
Line 400: Class ReportX.ReportField of control ReportField3 was not a loaded control class.
Line 420: Class ReportX.ReportField of control ReportField2 was not a loaded control class.
Line 439: Class ReportX.ReportField of control ReportField7 was not a loaded control class.
Line 458: Class ReportX.ReportField of control ReportField8 was not a loaded control class.
Line 478: Class ReportX.ReportField of control ReportField9 was not a loaded control class.
Line 498: Class ReportX.ReportField of control ReportField10 was not a loaded control class.
Line 520: Class ReportX.ReportSection of control ReportSection3 was not a loaded control class.
Line 529: Class ReportX.ReportField of control dfQuant was not a loaded control class.
Line 548: Class ReportX.ReportField of control ReportField6 was not a loaded control class.
