Line 19: Class ReportX.ReportMain of control Relatorio was not a loaded control class.
Line 32: Class ReportX.ReportSection of control ReportSection2 was not a loaded control class.
Line 40: Class ReportX.ReportField of control ReportField1 was not a loaded control class.
Line 60: Class ReportX.ReportField of control ReportField2 was not a loaded control class.
Line 81: Class ReportX.ReportField of control ReportField3 was not a loaded control class.
Line 102: Class ReportX.ReportField of control ReportField5 was not a loaded control class.
Line 124: Class ReportX.ReportField of control ReportField4 was not a loaded control class.
Line 144: Class ReportX.ReportField of control ReportField7 was not a loaded control class.
Line 164: Class ReportX.ReportField of control ReportField8 was not a loaded control class.
Line 184: Class ReportX.ReportField of control ReportField9 was not a loaded control class.
Line 205: Class ReportX.ReportSection of control ReportSection4 was not a loaded control class.
Line 214: Class ReportX.ReportField of control rf2 was not a loaded control class.
Line 235: Class ReportX.ReportField of control rf1 was not a loaded control class.
Line 256: Class ReportX.ReportField of control rf3 was not a loaded control class.
Line 277: Class ReportX.ReportField of control rf4 was not a loaded control class.
Line 496: Class ReportX.ReportSection of control ReportSection3 was not a loaded control class.
Line 505: Class ReportX.ReportField of control dfTipo was not a loaded control class.
Line 524: Class ReportX.ReportField of control ReportField6 was not a loaded control class.
Line 546: Class ReportX.ReportField of control dfBruto was not a loaded control class.
Line 568: Class ReportX.ReportField of control dfQuant was not a loaded control class.
