Line 20: Class ReportX.ReportSection of control ReportSection3 was not a loaded control class.
Line 29: Class ReportX.ReportField of control dfTipo was not a loaded control class.
Line 48: Class ReportX.ReportField of control ReportField6 was not a loaded control class.
Line 68: Class ReportX.ReportField of control dfQuant was not a loaded control class.
Line 87: Class ReportX.ReportField of control dfTotal was not a loaded control class.
Line 114: Class ReportX.ReportMain of control Relatorio was not a loaded control class.
Line 126: Class ReportX.ReportSection of control ReportSection2 was not a loaded control class.
Line 134: Class ReportX.ReportField of control ReportField7 was not a loaded control class.
Line 153: Class ReportX.ReportField of control ReportField1 was not a loaded control class.
Line 173: Class ReportX.ReportField of control ReportField2 was not a loaded control class.
Line 193: Class ReportX.ReportField of control ReportField3 was not a loaded control class.
Line 212: Class ReportX.ReportField of control ReportField4 was not a loaded control class.
Line 234: Class ReportX.ReportField of control ReportField5 was not a loaded control class.
Line 254: Class ReportX.ReportSection of control ReportSection1 was not a loaded control class.
Line 263: Class ReportX.ReportField of control rf2 was not a loaded control class.
Line 284: Class ReportX.ReportField of control rf1 was not a loaded control class.
Line 305: Class ReportX.ReportField of control rf3 was not a loaded control class.
Line 326: Class ReportX.ReportField of control rf4 was not a loaded control class.
Line 503: Class ReportX.ReportField of control ReportField42 was not a loaded control class.
Line 525: Class ReportX.ReportField of control ReportField43 was not a loaded control class.
Line 547: Class ReportX.ReportField of control ReportField44 was not a loaded control class.
Line 569: Class ReportX.ReportField of control ReportField45 was not a loaded control class.
