Line 20: Class ReportX.ReportSection of control ReportSection3 was not a loaded control class.
Line 29: Class ReportX.ReportField of control rfCons2 was not a loaded control class.
Line 48: Class ReportX.ReportField of control ReportField6 was not a loaded control class.
Line 69: Class ReportX.ReportField of control rfCons1 was not a loaded control class.
Line 89: Class ReportX.ReportField of control dfTotal was not a loaded control class.
Line 111: Class ReportX.ReportField of control dfQuant was not a loaded control class.
Line 133: Class ReportX.ReportField of control ReportField9 was not a loaded control class.
Line 153: Class ReportX.ReportField of control ReportField10 was not a loaded control class.
Line 173: Class ReportX.ReportField of control rfCons3 was not a loaded control class.
Line 192: Class ReportX.ReportField of control rfForma was not a loaded control class.
Line 212: Class ReportX.ReportField of control ReportField13 was not a loaded control class.
Line 232: Class ReportX.ReportField of control rfTipo was not a loaded control class.
Line 304: Class ReportX.ReportMain of control Relatorio was not a loaded control class.
Line 317: Class ReportX.ReportSection of control ReportSection2 was not a loaded control class.
Line 325: Class ReportX.ReportField of control ReportField7 was not a loaded control class.
Line 344: Class ReportX.ReportField of control ReportField1 was not a loaded control class.
Line 364: Class ReportX.ReportField of control ReportField2 was not a loaded control class.
Line 385: Class ReportX.ReportField of control ReportField3 was not a loaded control class.
Line 404: Class ReportX.ReportField of control ReportField4 was not a loaded control class.
Line 426: Class ReportX.ReportField of control ReportField5 was not a loaded control class.
Line 446: Class ReportX.ReportSection of control ReportSection1 was not a loaded control class.
Line 455: Class ReportX.ReportField of control rf2 was not a loaded control class.
Line 476: Class ReportX.ReportField of control rf1 was not a loaded control class.
Line 497: Class ReportX.ReportField of control rf3 was not a loaded control class.
Line 518: Class ReportX.ReportField of control rf4 was not a loaded control class.
Line 695: Class ReportX.ReportField of control ReportField42 was not a loaded control class.
Line 717: Class ReportX.ReportField of control ReportField43 was not a loaded control class.
Line 739: Class ReportX.ReportField of control ReportField44 was not a loaded control class.
Line 761: Class ReportX.ReportField of control ReportField45 was not a loaded control class.
