Line 20: Class ReportX.ReportMain of control Relatorio was not a loaded control class.
Line 35: Class ReportX.ReportSection of control ReportSection1 was not a loaded control class.
Line 44: Class ReportX.ReportField of control txtCor was not a loaded control class.
Line 66: Class ReportX.ReportField of control ReportField10 was not a loaded control class.
Line 87: Class ReportX.ReportField of control txtFabricante was not a loaded control class.
Line 109: Class ReportX.ReportField of control txtModelo was not a loaded control class.
Line 131: Class ReportX.ReportField of control rfMarca was not a loaded control class.
Line 152: Class ReportX.ReportField of control rfEquipamento was not a loaded control class.
Line 173: Class ReportX.ReportField of control txtPlaca1 was not a loaded control class.
Line 195: Class ReportX.ReportField of control txtKM was not a loaded control class.
Line 217: Class ReportX.ReportField of control ReportField16 was not a loaded control class.
Line 238: Class ReportX.ReportField of control ReportField17 was not a loaded control class.
Line 259: Class ReportX.ReportField of control txtTanque was not a loaded control class.
Line 281: Class ReportX.ReportField of control ReportField19 was not a loaded control class.
Line 302: Class ReportX.ReportField of control lblAcessorio was not a loaded control class.
Line 322: Class ReportX.ReportField of control lblAcessorio was not a loaded control class.
Line 342: Class ReportX.ReportField of control lblAcessorio was not a loaded control class.
Line 362: Class ReportX.ReportField of control lblAcessorio was not a loaded control class.
Line 382: Class ReportX.ReportField of control lblAcessorio was not a loaded control class.
Line 402: Class ReportX.ReportField of control lblAcessorio was not a loaded control class.
Line 422: Class ReportX.ReportField of control lblAcessorio was not a loaded control class.
Line 442: Class ReportX.ReportField of control lblAcessorio was not a loaded control class.
Line 462: Class ReportX.ReportField of control lblAcessorio was not a loaded control class.
Line 482: Class ReportX.ReportField of control lblAcessorio was not a loaded control class.
Line 502: Class ReportX.ReportField of control ReportField8 was not a loaded control class.
Line 524: Class ReportX.ReportField of control ReportField6 was not a loaded control class.
Line 546: Class ReportX.ReportField of control ReportField2 was not a loaded control class.
Line 570: Class ReportX.ReportField of control ReportField5 was not a loaded control class.
Line 592: Class ReportX.ReportField of control ReportField7 was not a loaded control class.
Line 613: Class ReportX.ReportField of control txtEntrada was not a loaded control class.
Line 637: Class ReportX.ReportField of control txtFuncionario was not a loaded control class.
Line 659: Class ReportX.ReportField of control txtDescricao was not a loaded control class.
Line 680: Class ReportX.ReportField of control txtCliente was not a loaded control class.
Line 702: Class ReportX.ReportField of control txtDataEntrada was not a loaded control class.
Line 724: Class ReportX.ReportField of control ReportField11 was not a loaded control class.
Line 745: Class ReportX.ReportField of control ReportField4 was not a loaded control class.
Line 766: Class ReportX.ReportField of control ReportField1 was not a loaded control class.
Line 787: Class ReportX.ReportField of control txthead was not a loaded control class.
Line 809: Class ReportX.ReportField of control rf2 was not a loaded control class.
Line 830: Class ReportX.ReportField of control rf1 was not a loaded control class.
Line 851: Class ReportX.ReportField of control rf3 was not a loaded control class.
Line 872: Class ReportX.ReportField of control rf4 was not a loaded control class.
Line 893: Class ReportX.ReportField of control ReportField41 was not a loaded control class.
Line 915: Class ReportX.ReportField of control txtOS was not a loaded control class.
Line 935: Class ReportX.ReportField of control txtSaida was not a loaded control class.
Line 958: Class ReportX.ReportField of control ReportField3 was not a loaded control class.
Line 979: Class ReportX.ReportField of control Ret was not a loaded control class.
Line 1016: Class ReportX.ReportField of control ReportField12 was not a loaded control class.
Line 1038: Class ReportX.ReportField of control ReportField13 was not a loaded control class.
