Line 13: Class ReportX.ReportMain of control Relatorio was not a loaded control class.
Line 28: Class ReportX.ReportSection of control ReportSection2 was not a loaded control class.
Line 37: Class ReportX.ReportField of control rfQuiloTerceira was not a loaded control class.
Line 58: Class ReportX.ReportField of control rfQuiloQuarta was not a loaded control class.
Line 79: Class ReportX.ReportField of control rfTerceira was not a loaded control class.
Line 101: Class ReportX.ReportField of control rfQuarta was not a loaded control class.
Line 123: Class ReportX.ReportField of control rfSegunda was not a loaded control class.
Line 145: Class ReportX.ReportField of control rfQuiloSegunda was not a loaded control class.
Line 166: Class ReportX.ReportField of control rfQuiloPrimeira was not a loaded control class.
Line 187: Class ReportX.ReportField of control rfPrimeira was not a loaded control class.
Line 209: Class ReportX.ReportField of control rfQuilometragem was not a loaded control class.
Line 230: Class ReportX.ReportField of control ReportField25 was not a loaded control class.
Line 252: Class ReportX.ReportField of control ReportField10 was not a loaded control class.
Line 274: Class ReportX.ReportField of control frCor was not a loaded control class.
Line 295: Class ReportX.ReportField of control ReportField17 was not a loaded control class.
Line 317: Class ReportX.ReportField of control rfModelo was not a loaded control class.
Line 338: Class ReportX.ReportField of control ReportField21 was not a loaded control class.
Line 360: Class ReportX.ReportField of control frPlaca was not a loaded control class.
Line 381: Class ReportX.ReportField of control ReportField2 was not a loaded control class.
Line 404: Class ReportX.ReportField of control ReportField1 was not a loaded control class.
Line 427: Class ReportX.ReportField of control txtDPedidos was not a loaded control class.
Line 450: Class ReportX.ReportField of control ReportField16 was not a loaded control class.
Line 471: Class ReportX.ReportField of control txtCPF was not a loaded control class.
Line 492: Class ReportX.ReportField of control txtBairro was not a loaded control class.
Line 513: Class ReportX.ReportField of control ReportField6 was not a loaded control class.
Line 534: Class ReportX.ReportField of control txtNumero was not a loaded control class.
Line 557: Class ReportX.ReportField of control ReportField41 was not a loaded control class.
Line 578: Class ReportX.ReportField of control txtCliente was not a loaded control class.
Line 599: Class ReportX.ReportField of control ReportField3 was not a loaded control class.
Line 620: Class ReportX.ReportField of control txtEnd was not a loaded control class.
Line 641: Class ReportX.ReportField of control ReportField5 was not a loaded control class.
Line 662: Class ReportX.ReportField of control txtRef was not a loaded control class.
Line 683: Class ReportX.ReportField of control ReportField7 was not a loaded control class.
Line 704: Class ReportX.ReportField of control txtRG was not a loaded control class.
Line 725: Class ReportX.ReportField of control ReportField9 was not a loaded control class.
Line 746: Class ReportX.ReportField of control txtCidade was not a loaded control class.
Line 767: Class ReportX.ReportField of control ReportField11 was not a loaded control class.
Line 788: Class ReportX.ReportField of control txtTel was not a loaded control class.
Line 809: Class ReportX.ReportField of control ReportField13 was not a loaded control class.
Line 830: Class ReportX.ReportField of control txtEstado was not a loaded control class.
Line 851: Class ReportX.ReportField of control ReportField68 was not a loaded control class.
Line 873: Class ReportX.ReportField of control ReportField40 was not a loaded control class.
Line 894: Class ReportX.ReportField of control txtDHead was not a loaded control class.
Line 916: Class ReportX.ReportField of control ReportField4 was not a loaded control class.
Line 939: Class ReportX.ReportField of control ReportField12 was not a loaded control class.
Line 962: Class ReportX.ReportField of control ReportField8 was not a loaded control class.
Line 985: Class ReportX.ReportField of control rf2 was not a loaded control class.
Line 1006: Class ReportX.ReportField of control rf1 was not a loaded control class.
Line 1027: Class ReportX.ReportField of control rf3 was not a loaded control class.
Line 1048: Class ReportX.ReportField of control rf4 was not a loaded control class.
Line 1069: Class ReportX.ReportField of control ReportField15 was not a loaded control class.
Line 1092: Class ReportX.ReportField of control frmQuadroPedidos was not a loaded control class.
Line 1115: Class ReportX.ReportField of control rfCodCliente was not a loaded control class.
Line 1254: Class ReportX.ReportField of control ReportField19 was not a loaded control class.
Line 1275: Class ReportX.ReportField of control ReportField20 was not a loaded control class.
