Line 20: Class ReportX.ReportMain of control Relatorio was not a loaded control class.
Line 33: Class ReportX.ReportSection of control ReportSection3 was not a loaded control class.
Line 42: Class ReportX.ReportField of control dfSaldo was not a loaded control class.
Line 61: Class ReportX.ReportField of control dfData was not a loaded control class.
Line 80: Class ReportX.ReportField of control dfRelSaldo was not a loaded control class.
Line 99: Class ReportX.ReportField of control dfRelData was not a loaded control class.
Line 162: Class ReportX.ReportSection of control ReportSection2 was not a loaded control class.
Line 170: Class ReportX.ReportField of control ReportField1 was not a loaded control class.
Line 191: Class ReportX.ReportField of control ReportField2 was not a loaded control class.
Line 212: Class ReportX.ReportField of control ReportField3 was not a loaded control class.
Line 233: Class ReportX.ReportField of control ReportField4 was not a loaded control class.
Line 255: Class ReportX.ReportField of control ReportField5 was not a loaded control class.
Line 277: Class ReportX.ReportSection of control ReportSection1 was not a loaded control class.
Line 286: Class ReportX.ReportField of control rf2 was not a loaded control class.
Line 307: Class ReportX.ReportField of control rf1 was not a loaded control class.
Line 328: Class ReportX.ReportField of control rf3 was not a loaded control class.
Line 349: Class ReportX.ReportField of control rf4 was not a loaded control class.
Line 507: Class ReportX.ReportField of control ReportField42 was not a loaded control class.
Line 529: Class ReportX.ReportField of control ReportField43 was not a loaded control class.
Line 551: Class ReportX.ReportField of control ReportField44 was not a loaded control class.
Line 573: Class ReportX.ReportField of control ReportField45 was not a loaded control class.
