Line 4: Property Icon in Tela_Principal could not be set.
Line 58: Cannot load control cmdCaixa.
Line 98: Cannot load control cmdVendasConsRapida.
Line 139: Cannot load control cmdImpressao.
Line 179: Cannot load control cmdConsulta.
Line 219: Cannot load control cmdOS.
Line 260: Cannot load control cmdConsultaOS.
Line 301: Cannot load control cmdCadClientes.
Line 341: Cannot load control cmdCadProdutos.
Line 382: Cannot load control cmdLogon.
Line 422: Cannot load control cmdContasApagar.
Line 462: Cannot load control cmdContasAreceber.
Line 502: Cannot load control cmdCompromissos.
Line 542: Cannot load control cmdRecados.
Line 582: Cannot load control cmdTelefone.
Line 622: Cannot load control cmdCalculadora.
Line 662: Cannot load control cmdCadCursos.
Line 703: Cannot load control cmdCadMatricula.
Line 744: Cannot load control cmdAgendamento.
Line 784: Cannot load control cmdCriarParcelas.
