Line 38: Class TabDlg.SSTab of control SSTab1 was not a loaded control class.
Line 1269: Class MSDBGrid.DBGrid of control DBGrid1 was not a loaded control class.
Line 44: The property name _ExtentX in SSTab1 is invalid.
Line 45: The property name _ExtentY in SSTab1 is invalid.
Line 46: The property name _Version in SSTab1 is invalid.
Line 47: The property name Tabs in SSTab1 is invalid.
Line 48: The property name TabHeight in SSTab1 is invalid.
Line 49: The property name TabCaption(0) in SSTab1 is invalid.
Line 50: The property name TabPicture(0) in SSTab1 is invalid.
Line 51: The property name Tab(0).ControlEnabled in SSTab1 is invalid.
Line 52: The property name Tab(0).Control(0) in SSTab1 is invalid.
Line 53: The property name Tab(0).Control(0).Enabled in SSTab1 is invalid.
Line 54: The property name Tab(0).Control(1) in SSTab1 is invalid.
Line 55: The property name Tab(0).Control(1).Enabled in SSTab1 is invalid.
Line 56: The property name Tab(0).Control(2) in SSTab1 is invalid.
Line 57: The property name Tab(0).Control(2).Enabled in SSTab1 is invalid.
Line 58: The property name Tab(0).ControlCount in SSTab1 is invalid.
Line 59: The property name TabCaption(1) in SSTab1 is invalid.
Line 60: The property name TabPicture(1) in SSTab1 is invalid.
Line 61: The property name Tab(1).ControlEnabled in SSTab1 is invalid.
Line 62: The property name Tab(1).Control(0) in SSTab1 is invalid.
Line 63: The property name Tab(1).Control(0).Enabled in SSTab1 is invalid.
Line 64: The property name Tab(1).Control(1) in SSTab1 is invalid.
Line 65: The property name Tab(1).Control(1).Enabled in SSTab1 is invalid.
Line 66: The property name Tab(1).ControlCount in SSTab1 is invalid.
Line 1270: The property name Bindings in DBGrid1 is invalid.
Line 1273: The property name OleObjectBlob in DBGrid1 is invalid.
