Line 21: Class TabDlg.SSTab of control SSTab1 was not a loaded control class.
Line 73: Class MSFlexGridLib.MSFlexGrid of control Grid was not a loaded control class.
Line 147: Class ChamaleonBtn.chameleonButton of control cmdNovo was not a loaded control class.
Line 186: Class ChamaleonBtn.chameleonButton of control cmdAlterar was not a loaded control class.
Line 226: Class ChamaleonBtn.chameleonButton of control cmdExcluir was not a loaded control class.
Line 266: Class ChamaleonBtn.chameleonButton of control cmdSalvar was not a loaded control class.
Line 306: Class ChamaleonBtn.chameleonButton of control cmdCancelar was not a loaded control class.
Line 398: Class MSComctlLib.StatusBar of control StatusBar1 was not a loaded control class.
Line 27: The property name _ExtentX in SSTab1 is invalid.
Line 28: The property name _ExtentY in SSTab1 is invalid.
Line 29: The property name _Version in SSTab1 is invalid.
Line 30: The property name Tabs in SSTab1 is invalid.
Line 31: The property name TabsPerRow in SSTab1 is invalid.
Line 32: The property name TabHeight in SSTab1 is invalid.
Line 33: The property name TabMaxWidth in SSTab1 is invalid.
Line 43: The property name TabCaption(0) in SSTab1 is invalid.
Line 44: The property name TabPicture(0) in SSTab1 is invalid.
Line 45: The property name Tab(0).ControlEnabled in SSTab1 is invalid.
Line 46: The property name Tab(0).Control(0) in SSTab1 is invalid.
Line 47: The property name Tab(0).Control(0).Enabled in SSTab1 is invalid.
Line 48: The property name Tab(0).Control(1) in SSTab1 is invalid.
Line 49: The property name Tab(0).Control(1).Enabled in SSTab1 is invalid.
Line 50: The property name Tab(0).Control(2) in SSTab1 is invalid.
Line 51: The property name Tab(0).Control(2).Enabled in SSTab1 is invalid.
Line 52: The property name Tab(0).Control(3) in SSTab1 is invalid.
Line 53: The property name Tab(0).Control(3).Enabled in SSTab1 is invalid.
Line 54: The property name Tab(0).Control(4) in SSTab1 is invalid.
Line 55: The property name Tab(0).Control(4).Enabled in SSTab1 is invalid.
Line 56: The property name Tab(0).Control(5) in SSTab1 is invalid.
Line 57: The property name Tab(0).Control(5).Enabled in SSTab1 is invalid.
Line 58: The property name Tab(0).ControlCount in SSTab1 is invalid.
Line 59: The property name TabCaption(1) in SSTab1 is invalid.
Line 60: The property name TabPicture(1) in SSTab1 is invalid.
Line 61: The property name Tab(1).ControlEnabled in SSTab1 is invalid.
Line 62: The property name Tab(1).Control(0) in SSTab1 is invalid.
Line 63: The property name Tab(1).Control(0).Enabled in SSTab1 is invalid.
Line 64: The property name Tab(1).ControlCount in SSTab1 is invalid.
Line 79: The property name _ExtentX in Grid is invalid.
Line 80: The property name _ExtentY in Grid is invalid.
Line 81: The property name _Version in Grid is invalid.
Line 82: The property name ScrollBars in Grid is invalid.
Line 83: The property name SelectionMode in Grid is invalid.
Line 153: The property name _ExtentX in cmdNovo is invalid.
Line 154: The property name _ExtentY in cmdNovo is invalid.
Line 155: The property name BTYPE in cmdNovo is invalid.
Line 156: The property name TX in cmdNovo is invalid.
Line 157: The property name ENAB in cmdNovo is invalid.
Line 167: The property name COLTYPE in cmdNovo is invalid.
Line 168: The property name FOCUSR in cmdNovo is invalid.
Line 169: The property name BCOL in cmdNovo is invalid.
Line 170: The property name BCOLO in cmdNovo is invalid.
Line 171: The property name FCOL in cmdNovo is invalid.
Line 172: The property name FCOLO in cmdNovo is invalid.
Line 173: The property name MCOL in cmdNovo is invalid.
Line 174: The property name MPTR in cmdNovo is invalid.
Line 175: The property name MICON in cmdNovo is invalid.
Line 176: The property name PICN in cmdNovo is invalid.
Line 177: The property name UMCOL in cmdNovo is invalid.
Line 178: The property name SOFT in cmdNovo is invalid.
Line 179: The property name PICPOS in cmdNovo is invalid.
Line 180: The property name NGREY in cmdNovo is invalid.
Line 181: The property name FX in cmdNovo is invalid.
Line 182: The property name HAND in cmdNovo is invalid.
Line 183: The property name CHECK in cmdNovo is invalid.
Line 184: The property name VALUE in cmdNovo is invalid.
Line 193: The property name _ExtentX in cmdAlterar is invalid.
Line 194: The property name _ExtentY in cmdAlterar is invalid.
Line 195: The property name BTYPE in cmdAlterar is invalid.
Line 196: The property name TX in cmdAlterar is invalid.
Line 197: The property name ENAB in cmdAlterar is invalid.
Line 207: The property name COLTYPE in cmdAlterar is invalid.
Line 208: The property name FOCUSR in cmdAlterar is invalid.
Line 209: The property name BCOL in cmdAlterar is invalid.
Line 210: The property name BCOLO in cmdAlterar is invalid.
Line 211: The property name FCOL in cmdAlterar is invalid.
Line 212: The property name FCOLO in cmdAlterar is invalid.
Line 213: The property name MCOL in cmdAlterar is invalid.
Line 214: The property name MPTR in cmdAlterar is invalid.
Line 215: The property name MICON in cmdAlterar is invalid.
Line 216: The property name PICN in cmdAlterar is invalid.
Line 217: The property name UMCOL in cmdAlterar is invalid.
Line 218: The property name SOFT in cmdAlterar is invalid.
Line 219: The property name PICPOS in cmdAlterar is invalid.
Line 220: The property name NGREY in cmdAlterar is invalid.
Line 221: The property name FX in cmdAlterar is invalid.
Line 222: The property name HAND in cmdAlterar is invalid.
Line 223: The property name CHECK in cmdAlterar is invalid.
Line 224: The property name VALUE in cmdAlterar is invalid.
Line 233: The property name _ExtentX in cmdExcluir is invalid.
Line 234: The property name _ExtentY in cmdExcluir is invalid.
Line 235: The property name BTYPE in cmdExcluir is invalid.
Line 236: The property name TX in cmdExcluir is invalid.
Line 237: The property name ENAB in cmdExcluir is invalid.
Line 247: The property name COLTYPE in cmdExcluir is invalid.
Line 248: The property name FOCUSR in cmdExcluir is invalid.
Line 249: The property name BCOL in cmdExcluir is invalid.
Line 250: The property name BCOLO in cmdExcluir is invalid.
Line 251: The property name FCOL in cmdExcluir is invalid.
Line 252: The property name FCOLO in cmdExcluir is invalid.
Line 253: The property name MCOL in cmdExcluir is invalid.
Line 254: The property name MPTR in cmdExcluir is invalid.
Line 255: The property name MICON in cmdExcluir is invalid.
Line 256: The property name PICN in cmdExcluir is invalid.
Line 257: The property name UMCOL in cmdExcluir is invalid.
Line 258: The property name SOFT in cmdExcluir is invalid.
Line 259: The property name PICPOS in cmdExcluir is invalid.
Line 260: The property name NGREY in cmdExcluir is invalid.
Line 261: The property name FX in cmdExcluir is invalid.
Line 262: The property name HAND in cmdExcluir is invalid.
Line 263: The property name CHECK in cmdExcluir is invalid.
Line 264: The property name VALUE in cmdExcluir is invalid.
Line 273: The property name _ExtentX in cmdSalvar is invalid.
Line 274: The property name _ExtentY in cmdSalvar is invalid.
Line 275: The property name BTYPE in cmdSalvar is invalid.
Line 276: The property name TX in cmdSalvar is invalid.
Line 277: The property name ENAB in cmdSalvar is invalid.
Line 287: The property name COLTYPE in cmdSalvar is invalid.
Line 288: The property name FOCUSR in cmdSalvar is invalid.
Line 289: The property name BCOL in cmdSalvar is invalid.
Line 290: The property name BCOLO in cmdSalvar is invalid.
Line 291: The property name FCOL in cmdSalvar is invalid.
Line 292: The property name FCOLO in cmdSalvar is invalid.
Line 293: The property name MCOL in cmdSalvar is invalid.
Line 294: The property name MPTR in cmdSalvar is invalid.
Line 295: The property name MICON in cmdSalvar is invalid.
Line 296: The property name PICN in cmdSalvar is invalid.
Line 297: The property name UMCOL in cmdSalvar is invalid.
Line 298: The property name SOFT in cmdSalvar is invalid.
Line 299: The property name PICPOS in cmdSalvar is invalid.
Line 300: The property name NGREY in cmdSalvar is invalid.
Line 301: The property name FX in cmdSalvar is invalid.
Line 302: The property name HAND in cmdSalvar is invalid.
Line 303: The property name CHECK in cmdSalvar is invalid.
Line 304: The property name VALUE in cmdSalvar is invalid.
Line 313: The property name _ExtentX in cmdCancelar is invalid.
Line 314: The property name _ExtentY in cmdCancelar is invalid.
Line 315: The property name BTYPE in cmdCancelar is invalid.
Line 316: The property name TX in cmdCancelar is invalid.
Line 317: The property name ENAB in cmdCancelar is invalid.
Line 327: The property name COLTYPE in cmdCancelar is invalid.
Line 328: The property name FOCUSR in cmdCancelar is invalid.
Line 329: The property name BCOL in cmdCancelar is invalid.
Line 330: The property name BCOLO in cmdCancelar is invalid.
Line 331: The property name FCOL in cmdCancelar is invalid.
Line 332: The property name FCOLO in cmdCancelar is invalid.
Line 333: The property name MCOL in cmdCancelar is invalid.
Line 334: The property name MPTR in cmdCancelar is invalid.
Line 335: The property name MICON in cmdCancelar is invalid.
Line 336: The property name PICN in cmdCancelar is invalid.
Line 337: The property name UMCOL in cmdCancelar is invalid.
Line 338: The property name SOFT in cmdCancelar is invalid.
Line 339: The property name PICPOS in cmdCancelar is invalid.
Line 340: The property name NGREY in cmdCancelar is invalid.
Line 341: The property name FX in cmdCancelar is invalid.
Line 342: The property name HAND in cmdCancelar is invalid.
Line 343: The property name CHECK in cmdCancelar is invalid.
Line 344: The property name VALUE in cmdCancelar is invalid.
Line 405: The property name _ExtentX in StatusBar1 is invalid.
Line 406: The property name _ExtentY in StatusBar1 is invalid.
Line 407: The property name _Version in StatusBar1 is invalid.
Line 428: The property name Panels in StatusBar1 is invalid.
