Line 14: Class ReportX.ReportMain of control ReportMain1 was not a loaded control class.
Line 30: Class ReportX.ReportSection of control ReportSection2 was not a loaded control class.
Line 38: Class ReportX.ReportField of control ReportField5 was not a loaded control class.
Line 60: Class ReportX.ReportField of control ReportField1 was not a loaded control class.
Line 81: Class ReportX.ReportField of control ReportField3 was not a loaded control class.
Line 103: Class ReportX.ReportField of control ReportField2 was not a loaded control class.
Line 123: Class ReportX.ReportField of control ReportField4 was not a loaded control class.
Line 144: Class ReportX.ReportField of control ReportField7 was not a loaded control class.
Line 165: Class ReportX.ReportSection of control ReportSection3 was not a loaded control class.
Line 174: Class ReportX.ReportField of control ReportField8 was not a loaded control class.
Line 194: Class ReportX.ReportField of control rfSaldoCCartao was not a loaded control class.
Line 215: Class ReportX.ReportField of control ReportField6 was not a loaded control class.
Line 235: Class ReportX.ReportField of control rfTroco was not a loaded control class.
Line 256: Class ReportX.ReportField of control rfDinheiro was not a loaded control class.
Line 277: Class ReportX.ReportField of control rfCartao was not a loaded control class.
Line 298: Class ReportX.ReportField of control rfCheque was not a loaded control class.
Line 319: Class ReportX.ReportField of control rfAvulso was not a loaded control class.
Line 340: Class ReportX.ReportField of control rfSaida was not a loaded control class.
Line 560: Class ReportX.ReportSection of control ReportSection1 was not a loaded control class.
Line 569: Class ReportX.ReportField of control rf2 was not a loaded control class.
Line 590: Class ReportX.ReportField of control rf1 was not a loaded control class.
Line 611: Class ReportX.ReportField of control rf3 was not a loaded control class.
Line 632: Class ReportX.ReportField of control rf4 was not a loaded control class.
Line 653: Class ReportX.ReportField of control txtDHead was not a loaded control class.
Line 20: The property name _ExtentX in ReportMain1 is invalid.
Line 21: The property name _ExtentY in ReportMain1 is invalid.
Line 22: The property name Pagina in ReportMain1 is invalid.
Line 23: The property name MargemEsquerda in ReportMain1 is invalid.
Line 24: The property name MargemDireita in ReportMain1 is invalid.
Line 25: The property name Titulo in ReportMain1 is invalid.
Line 26: The property name NomeImpressora in ReportMain1 is invalid.
Line 27: The property name Registrado in ReportMain1 is invalid.
Line 28: The property name Visualizar in ReportMain1 is invalid.
Line 36: The property name _ExtentX in ReportSection2 is invalid.
Line 37: The property name _ExtentY in ReportSection2 is invalid.
Line 44: The property name _ExtentX in ReportField5 is invalid.
Line 45: The property name _ExtentY in ReportField5 is invalid.
Line 46: The property name Campo in ReportField5 is invalid.
Line 47: The property name Formato in ReportField5 is invalid.
Line 48: The property name Caption in ReportField5 is invalid.
Line 49: The property name Alignment in ReportField5 is invalid.
Line 66: The property name _ExtentX in ReportField1 is invalid.
Line 67: The property name _ExtentY in ReportField1 is invalid.
Line 68: The property name Campo in ReportField1 is invalid.
Line 69: The property name Formato in ReportField1 is invalid.
Line 70: The property name Caption in ReportField1 is invalid.
Line 87: The property name _ExtentX in ReportField3 is invalid.
Line 88: The property name _ExtentY in ReportField3 is invalid.
Line 89: The property name Campo in ReportField3 is invalid.
Line 90: The property name Formato in ReportField3 is invalid.
Line 91: The property name Caption in ReportField3 is invalid.
Line 92: The property name Alignment in ReportField3 is invalid.
Line 109: The property name _ExtentX in ReportField2 is invalid.
Line 110: The property name _ExtentY in ReportField2 is invalid.
Line 111: The property name Campo in ReportField2 is invalid.
Line 112: The property name Caption in ReportField2 is invalid.
Line 129: The property name _ExtentX in ReportField4 is invalid.
Line 130: The property name _ExtentY in ReportField4 is invalid.
Line 131: The property name Campo in ReportField4 is invalid.
Line 132: The property name Formato in ReportField4 is invalid.
Line 133: The property name Caption in ReportField4 is invalid.
Line 150: The property name _ExtentX in ReportField7 is invalid.
Line 151: The property name _ExtentY in ReportField7 is invalid.
Line 152: The property name Campo in ReportField7 is invalid.
Line 153: The property name Caption in ReportField7 is invalid.
Line 171: The property name _ExtentX in ReportSection3 is invalid.
Line 172: The property name _ExtentY in ReportSection3 is invalid.
Line 173: The property name Tipo in ReportSection3 is invalid.
Line 180: The property name _ExtentX in ReportField8 is invalid.
Line 181: The property name _ExtentY in ReportField8 is invalid.
Line 182: The property name Caption in ReportField8 is invalid.
Line 183: The property name Alignment in ReportField8 is invalid.
Line 200: The property name _ExtentX in rfSaldoCCartao is invalid.
Line 201: The property name _ExtentY in rfSaldoCCartao is invalid.
Line 202: The property name Caption in rfSaldoCCartao is invalid.
Line 203: The property name Alignment in rfSaldoCCartao is invalid.
Line 213: The property name Borda in rfSaldoCCartao is invalid.
Line 221: The property name _ExtentX in ReportField6 is invalid.
Line 222: The property name _ExtentY in ReportField6 is invalid.
Line 223: The property name Campo in ReportField6 is invalid.
Line 224: The property name Formula in ReportField6 is invalid.
Line 241: The property name _ExtentX in rfTroco is invalid.
Line 242: The property name _ExtentY in rfTroco is invalid.
Line 243: The property name Caption in rfTroco is invalid.
Line 244: The property name Alignment in rfTroco is invalid.
Line 254: The property name Borda in rfTroco is invalid.
Line 262: The property name _ExtentX in rfDinheiro is invalid.
Line 263: The property name _ExtentY in rfDinheiro is invalid.
Line 264: The property name Caption in rfDinheiro is invalid.
Line 265: The property name Alignment in rfDinheiro is invalid.
Line 275: The property name Borda in rfDinheiro is invalid.
Line 283: The property name _ExtentX in rfCartao is invalid.
Line 284: The property name _ExtentY in rfCartao is invalid.
Line 285: The property name Caption in rfCartao is invalid.
Line 286: The property name Alignment in rfCartao is invalid.
Line 296: The property name Borda in rfCartao is invalid.
Line 304: The property name _ExtentX in rfCheque is invalid.
Line 305: The property name _ExtentY in rfCheque is invalid.
Line 306: The property name Caption in rfCheque is invalid.
Line 307: The property name Alignment in rfCheque is invalid.
Line 317: The property name Borda in rfCheque is invalid.
Line 325: The property name _ExtentX in rfAvulso is invalid.
Line 326: The property name _ExtentY in rfAvulso is invalid.
Line 327: The property name Caption in rfAvulso is invalid.
Line 328: The property name Alignment in rfAvulso is invalid.
Line 338: The property name Borda in rfAvulso is invalid.
Line 346: The property name _ExtentX in rfSaida is invalid.
Line 347: The property name _ExtentY in rfSaida is invalid.
Line 348: The property name Caption in rfSaida is invalid.
Line 349: The property name Alignment in rfSaida is invalid.
Line 359: The property name Borda in rfSaida is invalid.
Line 566: The property name _ExtentX in ReportSection1 is invalid.
Line 567: The property name _ExtentY in ReportSection1 is invalid.
Line 568: The property name Tipo in ReportSection1 is invalid.
Line 575: The property name _ExtentX in rf2 is invalid.
Line 576: The property name _ExtentY in rf2 is invalid.
Line 577: The property name Caption in rf2 is invalid.
Line 587: The property name AlturaLivre in rf2 is invalid.
Line 588: The property name AlinhamentoVertical in rf2 is invalid.
Line 596: The property name _ExtentX in rf1 is invalid.
Line 597: The property name _ExtentY in rf1 is invalid.
Line 598: The property name Caption in rf1 is invalid.
Line 608: The property name AlturaLivre in rf1 is invalid.
Line 609: The property name AlinhamentoVertical in rf1 is invalid.
Line 617: The property name _ExtentX in rf3 is invalid.
Line 618: The property name _ExtentY in rf3 is invalid.
Line 619: The property name Caption in rf3 is invalid.
Line 629: The property name AlturaLivre in rf3 is invalid.
Line 630: The property name AlinhamentoVertical in rf3 is invalid.
Line 638: The property name _ExtentX in rf4 is invalid.
Line 639: The property name _ExtentY in rf4 is invalid.
Line 640: The property name Caption in rf4 is invalid.
Line 650: The property name AlturaLivre in rf4 is invalid.
Line 651: The property name AlinhamentoVertical in rf4 is invalid.
Line 659: The property name _ExtentX in txtDHead is invalid.
Line 660: The property name _ExtentY in txtDHead is invalid.
Line 661: The property name Caption in txtDHead is invalid.
Line 662: The property name Alignment in txtDHead is invalid.
Line 672: The property name Borda in txtDHead is invalid.
Line 673: The property name BordaEstilo in txtDHead is invalid.
Line 675: The property name AlturaLivre in txtDHead is invalid.
Line 676: The property name AlinhamentoVertical in txtDHead is invalid.
