12464|2022-04-20 19:54:55.7459|DEBUG||frmPrincipal|Log Iniciado
12464|2022-04-20 19:54:55.7859|INFO||frmPrincipal|Verificando Configurações de Sequencia
12464|2022-04-20 19:54:55.8029|INFO||frmPrincipal|Verificando se Existem Configurações de Empresas
12464|2022-04-20 19:54:55.8029|INFO||frmPrincipal|Configuração da Empresa não encontrada, abrindo para fazer o cadastro
8468|2022-04-20 19:58:20.8676|DEBUG||frmPrincipal|Log Iniciado
8468|2022-04-20 19:58:20.9026|INFO||frmPrincipal|Verificando Configurações de Sequencia
8468|2022-04-20 19:58:20.9146|INFO||frmPrincipal|Verificando se Existem Configurações de Empresas
8468|2022-04-20 19:58:20.9146|INFO||frmPrincipal|Configuração da Empresa não encontrada, abrindo para fazer o cadastro
8468|2022-04-20 19:58:59.4498|INFO||frmSenha|Senha Inválida!
4404|2022-04-20 19:59:06.3792|DEBUG||frmPrincipal|Log Iniciado
4404|2022-04-20 19:59:06.4142|INFO||frmPrincipal|Verificando Configurações de Sequencia
4404|2022-04-20 19:59:06.4242|INFO||frmPrincipal|Verificando se Existem Configurações de Empresas
4404|2022-04-20 19:59:06.4242|INFO||frmPrincipal|Configuração da Empresa não encontrada, abrindo para fazer o cadastro
12344|2022-04-20 20:00:12.2490|DEBUG||frmPrincipal|Log Iniciado
12344|2022-04-20 20:00:12.2840|INFO||frmPrincipal|Verificando Configurações de Sequencia
12344|2022-04-20 20:00:12.2950|INFO||frmPrincipal|Verificando se Existem Configurações de Empresas
12344|2022-04-20 20:00:12.2950|INFO||frmPrincipal|Configuração da Empresa não encontrada, abrindo para fazer o cadastro
12344|2022-04-20 20:01:37.4638|INFO||frmPrincipal|Consultar Status WS
12344|2022-04-20 20:01:37.5228|ERROR||frmPrincipal|Erro Consultar Status WS. Erro ao carregar as configurações da DLL. 
Diretório C:\EkklesiaSoft\nfe\schemas não encontrado! - 
12344|2022-04-20 20:01:48.6005|INFO||frmPrincipal|Iniciado Timer para fazer a consulta
12344|2022-04-20 20:01:48.7065|INFO||frmPrincipal|Consultando as notas!
12344|2022-04-20 20:01:48.7415|ERROR||frmPrincipal|Erro Consultar Notas Não é possível encontrar a tabela 0. - 
12344|2022-04-20 20:01:48.7415|INFO||frmPrincipal|Iniciado Timer para fazer a consulta
12344|2022-04-20 20:01:48.8145|INFO||frmPrincipal|Consultando as notas!
12344|2022-04-20 20:01:48.8145|INFO||frmPrincipal|Consultando as notas!
12344|2022-04-20 20:01:48.9215|INFO||frmPrincipal|Consultando as notas!
12344|2022-04-20 20:01:48.9215|INFO||frmPrincipal|Consultando as notas!
12344|2022-04-20 20:01:49.0355|INFO||frmPrincipal|Consultando as notas!
12344|2022-04-20 20:01:49.0355|INFO||frmPrincipal|Consultando as notas!
12344|2022-04-20 20:01:49.1395|INFO||frmPrincipal|Consultando as notas!
12344|2022-04-20 20:01:49.1395|INFO||frmPrincipal|Consultando as notas!
12344|2022-04-20 20:01:49.2505|INFO||frmPrincipal|Consultando as notas!
12344|2022-04-20 20:01:49.2505|INFO||frmPrincipal|Consultando as notas!
12344|2022-04-20 20:01:49.3585|INFO||frmPrincipal|Consultando as notas!
12344|2022-04-20 20:01:49.3585|INFO||frmPrincipal|Consultando as notas!
12344|2022-04-20 20:01:49.4685|INFO||frmPrincipal|Consultando as notas!
12344|2022-04-20 20:01:49.4685|INFO||frmPrincipal|Consultando as notas!
12344|2022-04-20 20:01:49.5805|INFO||frmPrincipal|Consultando as notas!
12344|2022-04-20 20:01:49.5805|INFO||frmPrincipal|Consultando as notas!
12344|2022-04-20 20:01:49.6855|INFO||frmPrincipal|Consultando as notas!
12344|2022-04-20 20:01:49.6855|INFO||frmPrincipal|Consultando as notas!
11652|2022-04-20 20:01:53.2667|DEBUG||frmPrincipal|Log Iniciado
11652|2022-04-20 20:01:53.3018|INFO||frmPrincipal|Verificando Configurações de Sequencia
11652|2022-04-20 20:01:53.3128|INFO||frmPrincipal|Verificando se Existem Configurações de Empresas
11652|2022-04-20 20:01:53.3128|INFO||frmPrincipal|Configuração da Empresa não encontrada, abrindo para fazer o cadastro
