Line 20: Class ReportX.ReportSection of control ReportSection3 was not a loaded control class.
Line 29: Class ReportX.ReportField of control ReportField6 was not a loaded control class.
Line 50: Class ReportX.ReportField of control rfQuant was not a loaded control class.
Line 70: Class ReportX.ReportField of control ReportField13 was not a loaded control class.
Line 90: Class ReportX.ReportField of control rfData was not a loaded control class.
Line 110: Class ReportX.ReportField of control ReportField10 was not a loaded control class.
Line 138: Class ReportX.ReportMain of control Relatorio was not a loaded control class.
Line 151: Class ReportX.ReportSection of control ReportSection2 was not a loaded control class.
Line 159: Class ReportX.ReportField of control ReportField7 was not a loaded control class.
Line 179: Class ReportX.ReportField of control ReportField1 was not a loaded control class.
Line 200: Class ReportX.ReportField of control ReportField2 was not a loaded control class.
Line 221: Class ReportX.ReportField of control ReportField3 was not a loaded control class.
Line 241: Class ReportX.ReportField of control ReportField4 was not a loaded control class.
Line 263: Class ReportX.ReportField of control ReportField5 was not a loaded control class.
Line 283: Class ReportX.ReportField of control ReportField8 was not a loaded control class.
Line 304: Class ReportX.ReportSection of control ReportSection1 was not a loaded control class.
Line 313: Class ReportX.ReportField of control rf2 was not a loaded control class.
Line 334: Class ReportX.ReportField of control rf1 was not a loaded control class.
Line 355: Class ReportX.ReportField of control rf3 was not a loaded control class.
Line 376: Class ReportX.ReportField of control rf4 was not a loaded control class.
Line 572: Class ReportX.ReportField of control ReportField42 was not a loaded control class.
Line 594: Class ReportX.ReportField of control ReportField43 was not a loaded control class.
Line 616: Class ReportX.ReportField of control ReportField44 was not a loaded control class.
Line 638: Class ReportX.ReportField of control ReportField45 was not a loaded control class.
