Line 14: Class ReportX.ReportMain of control Relatorio was not a loaded control class.
Line 29: Class ReportX.ReportSection of control ReportSection1 was not a loaded control class.
Line 37: Class ReportX.ReportField of control lblLoja1 was not a loaded control class.
Line 57: Class ReportX.ReportField of control lblCliente1 was not a loaded control class.
Line 77: Class ReportX.ReportField of control lblDuplicata1 was not a loaded control class.
Line 97: Class ReportX.ReportField of control lblVenc1 was not a loaded control class.
Line 117: Class ReportX.ReportField of control lblPrest1 was not a loaded control class.
Line 137: Class ReportX.ReportField of control lblVlrPrest1 was not a loaded control class.
Line 157: Class ReportX.ReportField of control lblEnc1 was not a loaded control class.
Line 177: Class ReportX.ReportField of control lblVlrPago was not a loaded control class.
Line 197: Class ReportX.ReportField of control lblLoja2 was not a loaded control class.
Line 217: Class ReportX.ReportField of control lblCliente2 was not a loaded control class.
Line 237: Class ReportX.ReportField of control lblDuplicata2 was not a loaded control class.
Line 257: Class ReportX.ReportField of control lblVenc2 was not a loaded control class.
Line 277: Class ReportX.ReportField of control lblPrest2 was not a loaded control class.
Line 297: Class ReportX.ReportField of control lblVlrPrest2 was not a loaded control class.
Line 317: Class ReportX.ReportField of control lblEnc2 was not a loaded control class.
Line 337: Class ReportX.ReportField of control lblVlrPago2 was not a loaded control class.
Line 357: Class ReportX.ReportField of control lblEndereco2 was not a loaded control class.
Line 377: Class ReportX.ReportField of control lblCodigo2 was not a loaded control class.
Line 397: Class ReportX.ReportField of control lblVendedor2 was not a loaded control class.
