Line 20: Class ReportX.ReportMain of control Relatorio was not a loaded control class.
Line 34: Class ReportX.ReportSection of control ReportSection1 was not a loaded control class.
Line 43: Class ReportX.ReportField of control txtTensao was not a loaded control class.
Line 65: Class ReportX.ReportField of control txtPotencia was not a loaded control class.
Line 87: Class ReportX.ReportField of control ReportField15 was not a loaded control class.
Line 108: Class ReportX.ReportField of control txtRPM was not a loaded control class.
Line 130: Class ReportX.ReportField of control ReportField17 was not a loaded control class.
Line 151: Class ReportX.ReportField of control ReportField18 was not a loaded control class.
Line 172: Class ReportX.ReportField of control lblSituacao was not a loaded control class.
Line 192: Class ReportX.ReportField of control lblSituacao was not a loaded control class.
Line 212: Class ReportX.ReportField of control lblSituacao was not a loaded control class.
Line 232: Class ReportX.ReportField of control lblSituacao was not a loaded control class.
Line 252: Class ReportX.ReportField of control lblSituacao was not a loaded control class.
Line 272: Class ReportX.ReportField of control ReportField9 was not a loaded control class.
Line 294: Class ReportX.ReportField of control ReportField12 was not a loaded control class.
Line 315: Class ReportX.ReportField of control txtEquipamento was not a loaded control class.
Line 337: Class ReportX.ReportField of control txtModelo was not a loaded control class.
Line 359: Class ReportX.ReportField of control ReportField10 was not a loaded control class.
Line 380: Class ReportX.ReportField of control lblAcessorio was not a loaded control class.
Line 400: Class ReportX.ReportField of control lblAcessorio was not a loaded control class.
Line 420: Class ReportX.ReportField of control lblAcessorio was not a loaded control class.
Line 440: Class ReportX.ReportField of control lblAcessorio was not a loaded control class.
Line 460: Class ReportX.ReportField of control lblAcessorio was not a loaded control class.
Line 480: Class ReportX.ReportField of control ReportField8 was not a loaded control class.
Line 502: Class ReportX.ReportField of control ReportField6 was not a loaded control class.
Line 524: Class ReportX.ReportField of control ReportField2 was not a loaded control class.
Line 548: Class ReportX.ReportField of control ReportField5 was not a loaded control class.
Line 570: Class ReportX.ReportField of control ReportField7 was not a loaded control class.
Line 591: Class ReportX.ReportField of control txtEntrada was not a loaded control class.
Line 615: Class ReportX.ReportField of control txtFuncionario was not a loaded control class.
Line 637: Class ReportX.ReportField of control txtDescricao was not a loaded control class.
Line 658: Class ReportX.ReportField of control txtMarca was not a loaded control class.
Line 680: Class ReportX.ReportField of control txtCliente was not a loaded control class.
Line 702: Class ReportX.ReportField of control txtDataEntrada was not a loaded control class.
Line 724: Class ReportX.ReportField of control ReportField11 was not a loaded control class.
Line 745: Class ReportX.ReportField of control rfMarca was not a loaded control class.
Line 766: Class ReportX.ReportField of control ReportField4 was not a loaded control class.
Line 787: Class ReportX.ReportField of control rfEquipamento was not a loaded control class.
Line 808: Class ReportX.ReportField of control ReportField1 was not a loaded control class.
Line 829: Class ReportX.ReportField of control txthead was not a loaded control class.
Line 851: Class ReportX.ReportField of control rf2 was not a loaded control class.
Line 872: Class ReportX.ReportField of control rf1 was not a loaded control class.
Line 893: Class ReportX.ReportField of control rf3 was not a loaded control class.
Line 914: Class ReportX.ReportField of control rf4 was not a loaded control class.
Line 935: Class ReportX.ReportField of control ReportField41 was not a loaded control class.
Line 957: Class ReportX.ReportField of control txtOS was not a loaded control class.
Line 977: Class ReportX.ReportField of control txtSaida was not a loaded control class.
Line 1000: Class ReportX.ReportField of control ReportField3 was not a loaded control class.
Line 1021: Class ReportX.ReportField of control Ret was not a loaded control class.
