Line 20: Class ReportX.ReportSection of control ReportSection3 was not a loaded control class.
Line 29: Class ReportX.ReportField of control dfTotal was not a loaded control class.
Line 51: Class ReportX.ReportField of control dfQuant was not a loaded control class.
Line 73: Class ReportX.ReportField of control rfCons2 was not a loaded control class.
Line 92: Class ReportX.ReportField of control ReportField6 was not a loaded control class.
Line 114: Class ReportX.ReportField of control rfCons1 was not a loaded control class.
Line 134: Class ReportX.ReportField of control ReportField9 was not a loaded control class.
Line 154: Class ReportX.ReportField of control ReportField10 was not a loaded control class.
Line 174: Class ReportX.ReportField of control rfCons3 was not a loaded control class.
Line 193: Class ReportX.ReportField of control rfForma was not a loaded control class.
Line 213: Class ReportX.ReportField of control ReportField13 was not a loaded control class.
Line 233: Class ReportX.ReportField of control rfTipo was not a loaded control class.
Line 305: Class ReportX.ReportMain of control Relatorio was not a loaded control class.
Line 318: Class ReportX.ReportSection of control ReportSection2 was not a loaded control class.
Line 326: Class ReportX.ReportField of control ReportField7 was not a loaded control class.
Line 347: Class ReportX.ReportField of control ReportField3 was not a loaded control class.
Line 366: Class ReportX.ReportField of control ReportField4 was not a loaded control class.
Line 388: Class ReportX.ReportField of control ReportField5 was not a loaded control class.
Line 410: Class ReportX.ReportField of control ReportField1 was not a loaded control class.
Line 430: Class ReportX.ReportField of control ReportField2 was not a loaded control class.
Line 450: Class ReportX.ReportField of control ReportField8 was not a loaded control class.
Line 471: Class ReportX.ReportSection of control ReportSection1 was not a loaded control class.
Line 480: Class ReportX.ReportField of control rf2 was not a loaded control class.
Line 501: Class ReportX.ReportField of control rf1 was not a loaded control class.
Line 522: Class ReportX.ReportField of control rf3 was not a loaded control class.
Line 543: Class ReportX.ReportField of control rf4 was not a loaded control class.
Line 739: Class ReportX.ReportField of control ReportField42 was not a loaded control class.
Line 761: Class ReportX.ReportField of control ReportField43 was not a loaded control class.
Line 783: Class ReportX.ReportField of control ReportField44 was not a loaded control class.
Line 805: Class ReportX.ReportField of control ReportField45 was not a loaded control class.
