Line 13: Class ReportX.ReportMain of control Relatorio was not a loaded control class.
Line 28: Class ReportX.ReportSection of control ReportSection2 was not a loaded control class.
Line 37: Class ReportX.ReportField of control rf4 was not a loaded control class.
Line 58: Class ReportX.ReportField of control rf3 was not a loaded control class.
Line 79: Class ReportX.ReportField of control frEnt was not a loaded control class.
Line 101: Class ReportX.ReportField of control frTitParc was not a loaded control class.
Line 123: Class ReportX.ReportField of control frValorParc was not a loaded control class.
Line 144: Class ReportX.ReportField of control frVencParc was not a loaded control class.
Line 165: Class ReportX.ReportField of control frNumParc was not a loaded control class.
Line 186: Class ReportX.ReportField of control frNome was not a loaded control class.
Line 210: Class ReportX.ReportField of control txtCodProd was not a loaded control class.
Line 232: Class ReportX.ReportField of control txtCodProd was not a loaded control class.
Line 254: Class ReportX.ReportField of control txtCodProd was not a loaded control class.
Line 276: Class ReportX.ReportField of control txtCodProd was not a loaded control class.
Line 298: Class ReportX.ReportField of control txtCodProd was not a loaded control class.
Line 320: Class ReportX.ReportField of control txtCodProd was not a loaded control class.
Line 342: Class ReportX.ReportField of control txtCodProd was not a loaded control class.
Line 364: Class ReportX.ReportField of control txtCodProd was not a loaded control class.
Line 386: Class ReportX.ReportField of control txtCodProd was not a loaded control class.
Line 408: Class ReportX.ReportField of control txtVendedor was not a loaded control class.
Line 430: Class ReportX.ReportField of control txtNumero was not a loaded control class.
Line 453: Class ReportX.ReportField of control txtData was not a loaded control class.
Line 475: Class ReportX.ReportField of control txtVenda was not a loaded control class.
Line 498: Class ReportX.ReportField of control lblSubTotal was not a loaded control class.
Line 518: Class ReportX.ReportField of control txtSubtotal was not a loaded control class.
Line 541: Class ReportX.ReportField of control lblDesconto was not a loaded control class.
Line 561: Class ReportX.ReportField of control txtDesconto was not a loaded control class.
Line 583: Class ReportX.ReportField of control ReportField2 was not a loaded control class.
Line 605: Class ReportX.ReportField of control txtTot was not a loaded control class.
Line 628: Class ReportX.ReportField of control txtUnit was not a loaded control class.
Line 651: Class ReportX.ReportField of control txtQuant was not a loaded control class.
Line 674: Class ReportX.ReportField of control txtDesc was not a loaded control class.
Line 696: Class ReportX.ReportField of control txtTot was not a loaded control class.
Line 719: Class ReportX.ReportField of control txtUnit was not a loaded control class.
Line 742: Class ReportX.ReportField of control txtQuant was not a loaded control class.
Line 765: Class ReportX.ReportField of control txtDesc was not a loaded control class.
Line 787: Class ReportX.ReportField of control txtTot was not a loaded control class.
Line 810: Class ReportX.ReportField of control txtUnit was not a loaded control class.
Line 833: Class ReportX.ReportField of control txtQuant was not a loaded control class.
Line 856: Class ReportX.ReportField of control txtDesc was not a loaded control class.
Line 878: Class ReportX.ReportField of control txtTot was not a loaded control class.
Line 901: Class ReportX.ReportField of control txtUnit was not a loaded control class.
Line 924: Class ReportX.ReportField of control txtQuant was not a loaded control class.
Line 947: Class ReportX.ReportField of control txtDesc was not a loaded control class.
Line 969: Class ReportX.ReportField of control txtTot was not a loaded control class.
Line 992: Class ReportX.ReportField of control txtUnit was not a loaded control class.
Line 1015: Class ReportX.ReportField of control txtQuant was not a loaded control class.
Line 1038: Class ReportX.ReportField of control txtDesc was not a loaded control class.
Line 1060: Class ReportX.ReportField of control txtTot was not a loaded control class.
Line 1083: Class ReportX.ReportField of control txtUnit was not a loaded control class.
Line 1106: Class ReportX.ReportField of control txtQuant was not a loaded control class.
Line 1129: Class ReportX.ReportField of control txtDesc was not a loaded control class.
Line 1151: Class ReportX.ReportField of control txtTot was not a loaded control class.
Line 1174: Class ReportX.ReportField of control txtUnit was not a loaded control class.
Line 1197: Class ReportX.ReportField of control txtQuant was not a loaded control class.
Line 1220: Class ReportX.ReportField of control txtDesc was not a loaded control class.
Line 1242: Class ReportX.ReportField of control txtTot was not a loaded control class.
Line 1265: Class ReportX.ReportField of control txtUnit was not a loaded control class.
Line 1288: Class ReportX.ReportField of control txtQuant was not a loaded control class.
Line 1311: Class ReportX.ReportField of control txtDesc was not a loaded control class.
Line 1333: Class ReportX.ReportField of control txtTot was not a loaded control class.
Line 1356: Class ReportX.ReportField of control txtUnit was not a loaded control class.
Line 1379: Class ReportX.ReportField of control txtQuant was not a loaded control class.
Line 1402: Class ReportX.ReportField of control txtDesc was not a loaded control class.
Line 1424: Class ReportX.ReportField of control txtTot was not a loaded control class.
Line 1447: Class ReportX.ReportField of control txtUnit was not a loaded control class.
Line 1470: Class ReportX.ReportField of control txtQuant was not a loaded control class.
Line 1493: Class ReportX.ReportField of control txtDesc was not a loaded control class.
Line 1515: Class ReportX.ReportField of control ReportField68 was not a loaded control class.
Line 1537: Class ReportX.ReportField of control ReportField39 was not a loaded control class.
Line 1559: Class ReportX.ReportField of control ReportField40 was not a loaded control class.
Line 1581: Class ReportX.ReportField of control ReportField47 was not a loaded control class.
Line 1603: Class ReportX.ReportField of control txtCodProd was not a loaded control class.
Line 1625: Class ReportX.ReportField of control rf2 was not a loaded control class.
Line 1646: Class ReportX.ReportField of control rf1 was not a loaded control class.
Line 1668: Class ReportX.ReportField of control ReportField16 was not a loaded control class.
Line 1688: Class ReportX.ReportField of control txtCPF was not a loaded control class.
Line 1708: Class ReportX.ReportField of control ReportField41 was not a loaded control class.
Line 1728: Class ReportX.ReportField of control txtCliente was not a loaded control class.
Line 1748: Class ReportX.ReportField of control ReportField3 was not a loaded control class.
Line 1768: Class ReportX.ReportField of control txtEnd was not a loaded control class.
Line 1788: Class ReportX.ReportField of control ReportField5 was not a loaded control class.
Line 1808: Class ReportX.ReportField of control txtRef was not a loaded control class.
Line 1828: Class ReportX.ReportField of control ReportField7 was not a loaded control class.
Line 1848: Class ReportX.ReportField of control txtRG was not a loaded control class.
Line 1868: Class ReportX.ReportField of control ReportField9 was not a loaded control class.
Line 1888: Class ReportX.ReportField of control txtCidade was not a loaded control class.
Line 1908: Class ReportX.ReportField of control frNumParc was not a loaded control class.
Line 1929: Class ReportX.ReportField of control frNumParc was not a loaded control class.
Line 1950: Class ReportX.ReportField of control frNumParc was not a loaded control class.
Line 1971: Class ReportX.ReportField of control frVencParc was not a loaded control class.
Line 1992: Class ReportX.ReportField of control frVencParc was not a loaded control class.
Line 2013: Class ReportX.ReportField of control frVencParc was not a loaded control class.
Line 2034: Class ReportX.ReportField of control frValorParc was not a loaded control class.
Line 2055: Class ReportX.ReportField of control frValorParc was not a loaded control class.
Line 2076: Class ReportX.ReportField of control frValorParc was not a loaded control class.
Line 2097: Class ReportX.ReportField of control frNumParc was not a loaded control class.
Line 2118: Class ReportX.ReportField of control frVencParc was not a loaded control class.
Line 2139: Class ReportX.ReportField of control frValorParc was not a loaded control class.
Line 2160: Class ReportX.ReportField of control ReportField6 was not a loaded control class.
Line 2182: Class ReportX.ReportField of control ReportField13 was not a loaded control class.
Line 2202: Class ReportX.ReportField of control txtTotal was not a loaded control class.
Line 2225: Class ReportX.ReportField of control txtCodProd was not a loaded control class.
Line 2247: Class ReportX.ReportField of control txtCodProd was not a loaded control class.
Line 2269: Class ReportX.ReportField of control txtCodProd was not a loaded control class.
Line 2291: Class ReportX.ReportField of control txtCodProd was not a loaded control class.
Line 2313: Class ReportX.ReportField of control txtDesc was not a loaded control class.
Line 2335: Class ReportX.ReportField of control txtDesc was not a loaded control class.
Line 2357: Class ReportX.ReportField of control txtDesc was not a loaded control class.
Line 2379: Class ReportX.ReportField of control txtDesc was not a loaded control class.
Line 2401: Class ReportX.ReportField of control txtUnit was not a loaded control class.
Line 2424: Class ReportX.ReportField of control txtUnit was not a loaded control class.
Line 2447: Class ReportX.ReportField of control txtUnit was not a loaded control class.
Line 2470: Class ReportX.ReportField of control txtUnit was not a loaded control class.
Line 2493: Class ReportX.ReportField of control txtQuant was not a loaded control class.
Line 2516: Class ReportX.ReportField of control txtQuant was not a loaded control class.
Line 2539: Class ReportX.ReportField of control txtQuant was not a loaded control class.
Line 2562: Class ReportX.ReportField of control txtTot was not a loaded control class.
Line 2585: Class ReportX.ReportField of control txtTot was not a loaded control class.
Line 2608: Class ReportX.ReportField of control txtTot was not a loaded control class.
Line 2631: Class ReportX.ReportField of control txtTot was not a loaded control class.
Line 2654: Class ReportX.ReportField of control rfValorNum was not a loaded control class.
Line 2679: Class ReportX.ReportField of control ReportField8 was not a loaded control class.
Line 2702: Class ReportX.ReportField of control ReportField10 was not a loaded control class.
Line 2726: Class ReportX.ReportField of control ReportField12 was not a loaded control class.
Line 2749: Class ReportX.ReportField of control ReportField14 was not a loaded control class.
Line 2772: Class ReportX.ReportField of control ReportField17 was not a loaded control class.
Line 2796: Class ReportX.ReportField of control frValorEst was not a loaded control class.
Line 2820: Class ReportX.ReportField of control ReportField19 was not a loaded control class.
Line 2844: Class ReportX.ReportField of control rfData was not a loaded control class.
Line 2867: Class ReportX.ReportField of control txtQuant was not a loaded control class.
Line 2890: Class ReportX.ReportField of control txtCodProd was not a loaded control class.
Line 2912: Class ReportX.ReportField of control txtDesc was not a loaded control class.
Line 2934: Class ReportX.ReportField of control txtUnit was not a loaded control class.
Line 2957: Class ReportX.ReportField of control txtQuant was not a loaded control class.
Line 2980: Class ReportX.ReportField of control txtTot was not a loaded control class.
Line 3003: Class ReportX.ReportField of control txtCodProd was not a loaded control class.
Line 3025: Class ReportX.ReportField of control txtDesc was not a loaded control class.
Line 3047: Class ReportX.ReportField of control txtUnit was not a loaded control class.
Line 3070: Class ReportX.ReportField of control txtQuant was not a loaded control class.
Line 3093: Class ReportX.ReportField of control txtTot was not a loaded control class.
Line 3116: Class ReportX.ReportField of control txtCodProd was not a loaded control class.
Line 3138: Class ReportX.ReportField of control txtDesc was not a loaded control class.
Line 3160: Class ReportX.ReportField of control txtUnit was not a loaded control class.
Line 3183: Class ReportX.ReportField of control txtQuant was not a loaded control class.
Line 3206: Class ReportX.ReportField of control txtTot was not a loaded control class.
