Line 20: Class ReportX.ReportSection of control ReportSection3 was not a loaded control class.
Line 29: Class ReportX.ReportField of control dfTipo was not a loaded control class.
Line 48: Class ReportX.ReportField of control dfQuant was not a loaded control class.
Line 68: Class ReportX.ReportField of control rftotal was not a loaded control class.
Line 89: Class ReportX.ReportField of control rfhaveres was not a loaded control class.
Line 110: Class ReportX.ReportField of control rfsubtotal was not a loaded control class.
Line 131: Class ReportX.ReportField of control rfQuant was not a loaded control class.
Line 251: Class ReportX.ReportMain of control Relatorio was not a loaded control class.
Line 264: Class ReportX.ReportSection of control ReportSection2 was not a loaded control class.
Line 272: Class ReportX.ReportField of control ReportField7 was not a loaded control class.
Line 292: Class ReportX.ReportField of control ReportField2 was not a loaded control class.
Line 311: Class ReportX.ReportField of control ReportField3 was not a loaded control class.
Line 330: Class ReportX.ReportField of control ReportField4 was not a loaded control class.
Line 352: Class ReportX.ReportField of control ReportField5 was not a loaded control class.
Line 373: Class ReportX.ReportField of control ReportField16 was not a loaded control class.
Line 395: Class ReportX.ReportField of control ReportField17 was not a loaded control class.
Line 417: Class ReportX.ReportField of control ReportField6 was not a loaded control class.
Line 438: Class ReportX.ReportSection of control ReportSection1 was not a loaded control class.
Line 447: Class ReportX.ReportField of control rf2 was not a loaded control class.
Line 468: Class ReportX.ReportField of control rf1 was not a loaded control class.
Line 489: Class ReportX.ReportField of control rf3 was not a loaded control class.
Line 510: Class ReportX.ReportField of control rf4 was not a loaded control class.
Line 725: Class ReportX.ReportField of control ReportField42 was not a loaded control class.
Line 747: Class ReportX.ReportField of control ReportField43 was not a loaded control class.
Line 769: Class ReportX.ReportField of control ReportField44 was not a loaded control class.
Line 791: Class ReportX.ReportField of control ReportField45 was not a loaded control class.
Line 813: Class ReportX.ReportField of control ReportField8 was not a loaded control class.
Line 835: Class ReportX.ReportField of control ReportField9 was not a loaded control class.
Line 857: Class ReportX.ReportField of control ReportField10 was not a loaded control class.
Line 879: Class ReportX.ReportField of control ReportField11 was not a loaded control class.
