Line 14: Class ReportX.ReportMain of control ReportMain1 was not a loaded control class.
Line 30: Class ReportX.ReportSection of control ReportSection2 was not a loaded control class.
Line 38: Class ReportX.ReportField of control ReportField5 was not a loaded control class.
Line 60: Class ReportX.ReportField of control ReportField1 was not a loaded control class.
Line 81: Class ReportX.ReportField of control ReportField3 was not a loaded control class.
Line 103: Class ReportX.ReportField of control ReportField2 was not a loaded control class.
Line 123: Class ReportX.ReportField of control ReportField4 was not a loaded control class.
Line 144: Class ReportX.ReportField of control ReportField7 was not a loaded control class.
Line 165: Class ReportX.ReportSection of control ReportSection3 was not a loaded control class.
Line 174: Class ReportX.ReportField of control ReportField8 was not a loaded control class.
Line 194: Class ReportX.ReportField of control rfSaldoCCartao was not a loaded control class.
Line 215: Class ReportX.ReportField of control ReportField6 was not a loaded control class.
Line 235: Class ReportX.ReportField of control rfTroco was not a loaded control class.
Line 256: Class ReportX.ReportField of control rfDinheiro was not a loaded control class.
Line 277: Class ReportX.ReportField of control rfCartao was not a loaded control class.
Line 298: Class ReportX.ReportField of control rfCheque was not a loaded control class.
Line 319: Class ReportX.ReportField of control rfAvulso was not a loaded control class.
Line 340: Class ReportX.ReportField of control rfSaida was not a loaded control class.
Line 560: Class ReportX.ReportSection of control ReportSection1 was not a loaded control class.
Line 569: Class ReportX.ReportField of control rf2 was not a loaded control class.
Line 590: Class ReportX.ReportField of control rf1 was not a loaded control class.
Line 611: Class ReportX.ReportField of control rf3 was not a loaded control class.
Line 632: Class ReportX.ReportField of control rf4 was not a loaded control class.
Line 653: Class ReportX.ReportField of control txtDHead was not a loaded control class.
