Line 20: Class ReportX.ReportSection of control ReportSection3 was not a loaded control class.
Line 29: Class ReportX.ReportField of control dfTipo was not a loaded control class.
Line 48: Class ReportX.ReportField of control dfQuant was not a loaded control class.
Line 68: Class ReportX.ReportField of control rftotal was not a loaded control class.
Line 89: Class ReportX.ReportField of control rfhaveres was not a loaded control class.
Line 110: Class ReportX.ReportField of control rfsubtotal was not a loaded control class.
Line 131: Class ReportX.ReportField of control rfQuant was not a loaded control class.
Line 273: Class ReportX.ReportMain of control Relatorio was not a loaded control class.
Line 285: Class ReportX.ReportSection of control ReportSection2 was not a loaded control class.
Line 293: Class ReportX.ReportField of control ReportField7 was not a loaded control class.
Line 313: Class ReportX.ReportField of control ReportField1 was not a loaded control class.
Line 333: Class ReportX.ReportField of control ReportField2 was not a loaded control class.
Line 352: Class ReportX.ReportField of control ReportField3 was not a loaded control class.
Line 371: Class ReportX.ReportField of control ReportField4 was not a loaded control class.
Line 394: Class ReportX.ReportField of control ReportField5 was not a loaded control class.
Line 416: Class ReportX.ReportField of control ReportField16 was not a loaded control class.
Line 438: Class ReportX.ReportField of control ReportField17 was not a loaded control class.
Line 461: Class ReportX.ReportField of control ReportField6 was not a loaded control class.
Line 481: Class ReportX.ReportField of control ReportField12 was not a loaded control class.
Line 503: Class ReportX.ReportField of control ReportField13 was not a loaded control class.
Line 527: Class ReportX.ReportSection of control ReportSection1 was not a loaded control class.
Line 536: Class ReportX.ReportField of control rf2 was not a loaded control class.
Line 557: Class ReportX.ReportField of control rf1 was not a loaded control class.
Line 578: Class ReportX.ReportField of control rf3 was not a loaded control class.
Line 599: Class ReportX.ReportField of control rf4 was not a loaded control class.
Line 871: Class ReportX.ReportField of control ReportField42 was not a loaded control class.
Line 893: Class ReportX.ReportField of control ReportField43 was not a loaded control class.
Line 915: Class ReportX.ReportField of control ReportField44 was not a loaded control class.
Line 937: Class ReportX.ReportField of control ReportField45 was not a loaded control class.
Line 959: Class ReportX.ReportField of control ReportField8 was not a loaded control class.
Line 981: Class ReportX.ReportField of control ReportField9 was not a loaded control class.
Line 1003: Class ReportX.ReportField of control ReportField10 was not a loaded control class.
Line 1025: Class ReportX.ReportField of control ReportField11 was not a loaded control class.
