Line 19: Class ReportX.ReportMain of control Relatorio was not a loaded control class.
Line 32: Class ReportX.ReportSection of control ReportSection2 was not a loaded control class.
Line 40: Class ReportX.ReportField of control ReportField1 was not a loaded control class.
Line 59: Class ReportX.ReportField of control ReportField2 was not a loaded control class.
Line 78: Class ReportX.ReportField of control ReportField3 was not a loaded control class.
Line 98: Class ReportX.ReportField of control ReportField4 was not a loaded control class.
Line 119: Class ReportX.ReportField of control ReportField5 was not a loaded control class.
Line 141: Class ReportX.ReportField of control ReportField7 was not a loaded control class.
Line 162: Class ReportX.ReportField of control ReportField8 was not a loaded control class.
Line 182: Class ReportX.ReportField of control ReportField9 was not a loaded control class.
Line 203: Class ReportX.ReportField of control ReportField10 was not a loaded control class.
Line 226: Class ReportX.ReportSection of control ReportSection4 was not a loaded control class.
Line 235: Class ReportX.ReportField of control rf2 was not a loaded control class.
Line 256: Class ReportX.ReportField of control rf1 was not a loaded control class.
Line 277: Class ReportX.ReportField of control rf3 was not a loaded control class.
Line 298: Class ReportX.ReportField of control rf4 was not a loaded control class.
Line 534: Class ReportX.ReportSection of control ReportSection3 was not a loaded control class.
Line 543: Class ReportX.ReportField of control ReportField6 was not a loaded control class.
Line 566: Class ReportX.ReportField of control rftotal was not a loaded control class.
Line 587: Class ReportX.ReportField of control rfJuros was not a loaded control class.
Line 608: Class ReportX.ReportField of control rfsubtotal was not a loaded control class.
Line 629: Class ReportX.ReportField of control rfHaveres was not a loaded control class.
Line 650: Class ReportX.ReportField of control rfQuant was not a loaded control class.
Line 671: Class ReportX.ReportField of control rfCons2 was not a loaded control class.
Line 690: Class ReportX.ReportField of control rfCons1 was not a loaded control class.
Line 710: Class ReportX.ReportField of control ReportField11 was not a loaded control class.
Line 730: Class ReportX.ReportField of control ReportField12 was not a loaded control class.
Line 750: Class ReportX.ReportField of control rfCons3 was not a loaded control class.
Line 769: Class ReportX.ReportField of control rfForma was not a loaded control class.
Line 789: Class ReportX.ReportField of control ReportField13 was not a loaded control class.
Line 809: Class ReportX.ReportField of control rfTipo was not a loaded control class.
