Line 13: Class ReportX.ReportMain of control Relatorio was not a loaded control class.
Line 30: Class ReportX.ReportSection of control ReportSection2 was not a loaded control class.
Line 39: Class ReportX.ReportField of control rf2 was not a loaded control class.
Line 60: Class ReportX.ReportField of control rf3 was not a loaded control class.
Line 81: Class ReportX.ReportField of control rf4 was not a loaded control class.
Line 102: Class ReportX.ReportField of control frTitParc was not a loaded control class.
Line 124: Class ReportX.ReportField of control frValorParc was not a loaded control class.
Line 145: Class ReportX.ReportField of control frVencParc was not a loaded control class.
Line 166: Class ReportX.ReportField of control frNumParc was not a loaded control class.
Line 187: Class ReportX.ReportField of control txtCodProd was not a loaded control class.
Line 209: Class ReportX.ReportField of control txtCodProd was not a loaded control class.
Line 231: Class ReportX.ReportField of control txtCodProd was not a loaded control class.
Line 253: Class ReportX.ReportField of control txtCodProd was not a loaded control class.
Line 275: Class ReportX.ReportField of control txtCodProd was not a loaded control class.
Line 297: Class ReportX.ReportField of control txtCodProd was not a loaded control class.
Line 319: Class ReportX.ReportField of control txtCodProd was not a loaded control class.
Line 341: Class ReportX.ReportField of control txtCodProd was not a loaded control class.
Line 363: Class ReportX.ReportField of control txtCodProd was not a loaded control class.
Line 385: Class ReportX.ReportField of control txtVendedor was not a loaded control class.
Line 407: Class ReportX.ReportField of control txtNumero was not a loaded control class.
Line 430: Class ReportX.ReportField of control txtData was not a loaded control class.
Line 452: Class ReportX.ReportField of control txtVenda was not a loaded control class.
Line 475: Class ReportX.ReportField of control lblSubTotal was not a loaded control class.
Line 495: Class ReportX.ReportField of control txtSubtotal was not a loaded control class.
Line 518: Class ReportX.ReportField of control lblDesconto was not a loaded control class.
Line 538: Class ReportX.ReportField of control txtDesconto was not a loaded control class.
Line 560: Class ReportX.ReportField of control ReportField2 was not a loaded control class.
Line 582: Class ReportX.ReportField of control txtTot was not a loaded control class.
Line 605: Class ReportX.ReportField of control txtUnit was not a loaded control class.
Line 628: Class ReportX.ReportField of control txtQuant was not a loaded control class.
Line 651: Class ReportX.ReportField of control txtDesc was not a loaded control class.
Line 673: Class ReportX.ReportField of control txtTot was not a loaded control class.
Line 696: Class ReportX.ReportField of control txtUnit was not a loaded control class.
Line 719: Class ReportX.ReportField of control txtQuant was not a loaded control class.
Line 742: Class ReportX.ReportField of control txtDesc was not a loaded control class.
Line 764: Class ReportX.ReportField of control txtTot was not a loaded control class.
Line 787: Class ReportX.ReportField of control txtUnit was not a loaded control class.
Line 810: Class ReportX.ReportField of control txtQuant was not a loaded control class.
Line 833: Class ReportX.ReportField of control txtDesc was not a loaded control class.
Line 855: Class ReportX.ReportField of control txtTot was not a loaded control class.
Line 878: Class ReportX.ReportField of control txtUnit was not a loaded control class.
Line 901: Class ReportX.ReportField of control txtQuant was not a loaded control class.
Line 924: Class ReportX.ReportField of control txtDesc was not a loaded control class.
Line 946: Class ReportX.ReportField of control txtTot was not a loaded control class.
Line 969: Class ReportX.ReportField of control txtUnit was not a loaded control class.
Line 992: Class ReportX.ReportField of control txtQuant was not a loaded control class.
Line 1015: Class ReportX.ReportField of control txtDesc was not a loaded control class.
Line 1037: Class ReportX.ReportField of control txtTot was not a loaded control class.
Line 1060: Class ReportX.ReportField of control txtUnit was not a loaded control class.
Line 1083: Class ReportX.ReportField of control txtQuant was not a loaded control class.
Line 1106: Class ReportX.ReportField of control txtDesc was not a loaded control class.
Line 1128: Class ReportX.ReportField of control txtTot was not a loaded control class.
Line 1151: Class ReportX.ReportField of control txtUnit was not a loaded control class.
Line 1174: Class ReportX.ReportField of control txtQuant was not a loaded control class.
Line 1197: Class ReportX.ReportField of control txtDesc was not a loaded control class.
Line 1219: Class ReportX.ReportField of control txtTot was not a loaded control class.
Line 1242: Class ReportX.ReportField of control txtUnit was not a loaded control class.
Line 1265: Class ReportX.ReportField of control txtQuant was not a loaded control class.
Line 1288: Class ReportX.ReportField of control txtDesc was not a loaded control class.
Line 1310: Class ReportX.ReportField of control txtTot was not a loaded control class.
Line 1333: Class ReportX.ReportField of control txtUnit was not a loaded control class.
Line 1356: Class ReportX.ReportField of control txtQuant was not a loaded control class.
Line 1379: Class ReportX.ReportField of control txtDesc was not a loaded control class.
Line 1401: Class ReportX.ReportField of control txtTot was not a loaded control class.
Line 1424: Class ReportX.ReportField of control txtUnit was not a loaded control class.
Line 1447: Class ReportX.ReportField of control txtQuant was not a loaded control class.
Line 1470: Class ReportX.ReportField of control txtDesc was not a loaded control class.
Line 1492: Class ReportX.ReportField of control ReportField68 was not a loaded control class.
Line 1514: Class ReportX.ReportField of control ReportField39 was not a loaded control class.
Line 1536: Class ReportX.ReportField of control ReportField40 was not a loaded control class.
Line 1558: Class ReportX.ReportField of control ReportField47 was not a loaded control class.
Line 1580: Class ReportX.ReportField of control txtCodProd was not a loaded control class.
Line 1602: Class ReportX.ReportField of control rf1 was not a loaded control class.
Line 1624: Class ReportX.ReportField of control ReportField16 was not a loaded control class.
Line 1644: Class ReportX.ReportField of control txtCPF was not a loaded control class.
Line 1664: Class ReportX.ReportField of control ReportField41 was not a loaded control class.
Line 1684: Class ReportX.ReportField of control txtCliente was not a loaded control class.
Line 1704: Class ReportX.ReportField of control ReportField3 was not a loaded control class.
Line 1724: Class ReportX.ReportField of control txtEnd was not a loaded control class.
Line 1744: Class ReportX.ReportField of control ReportField5 was not a loaded control class.
Line 1764: Class ReportX.ReportField of control txtRef was not a loaded control class.
Line 1784: Class ReportX.ReportField of control ReportField7 was not a loaded control class.
Line 1804: Class ReportX.ReportField of control txtRG was not a loaded control class.
Line 1824: Class ReportX.ReportField of control ReportField9 was not a loaded control class.
Line 1844: Class ReportX.ReportField of control txtCidade was not a loaded control class.
Line 1864: Class ReportX.ReportField of control frNumParc was not a loaded control class.
Line 1885: Class ReportX.ReportField of control frNumParc was not a loaded control class.
Line 1906: Class ReportX.ReportField of control frNumParc was not a loaded control class.
Line 1927: Class ReportX.ReportField of control frVencParc was not a loaded control class.
Line 1948: Class ReportX.ReportField of control frVencParc was not a loaded control class.
Line 1969: Class ReportX.ReportField of control frVencParc was not a loaded control class.
Line 1990: Class ReportX.ReportField of control frValorParc was not a loaded control class.
Line 2011: Class ReportX.ReportField of control frValorParc was not a loaded control class.
Line 2032: Class ReportX.ReportField of control frValorParc was not a loaded control class.
Line 2053: Class ReportX.ReportField of control frNumParc was not a loaded control class.
Line 2074: Class ReportX.ReportField of control frVencParc was not a loaded control class.
Line 2095: Class ReportX.ReportField of control frValorParc was not a loaded control class.
Line 2116: Class ReportX.ReportField of control ReportField6 was not a loaded control class.
Line 2138: Class ReportX.ReportField of control ReportField13 was not a loaded control class.
Line 2158: Class ReportX.ReportField of control txtTotal was not a loaded control class.
Line 2181: Class ReportX.ReportField of control txtCodProd was not a loaded control class.
Line 2203: Class ReportX.ReportField of control txtCodProd was not a loaded control class.
Line 2225: Class ReportX.ReportField of control txtCodProd was not a loaded control class.
Line 2247: Class ReportX.ReportField of control txtCodProd was not a loaded control class.
Line 2269: Class ReportX.ReportField of control txtDesc was not a loaded control class.
Line 2291: Class ReportX.ReportField of control txtDesc was not a loaded control class.
Line 2313: Class ReportX.ReportField of control txtDesc was not a loaded control class.
Line 2335: Class ReportX.ReportField of control txtDesc was not a loaded control class.
Line 2357: Class ReportX.ReportField of control txtUnit was not a loaded control class.
Line 2380: Class ReportX.ReportField of control txtUnit was not a loaded control class.
Line 2403: Class ReportX.ReportField of control txtUnit was not a loaded control class.
Line 2426: Class ReportX.ReportField of control txtUnit was not a loaded control class.
Line 2449: Class ReportX.ReportField of control txtQuant was not a loaded control class.
Line 2472: Class ReportX.ReportField of control txtQuant was not a loaded control class.
Line 2495: Class ReportX.ReportField of control txtQuant was not a loaded control class.
Line 2518: Class ReportX.ReportField of control txtQuant was not a loaded control class.
Line 2541: Class ReportX.ReportField of control txtTot was not a loaded control class.
Line 2564: Class ReportX.ReportField of control txtTot was not a loaded control class.
Line 2587: Class ReportX.ReportField of control txtTot was not a loaded control class.
Line 2610: Class ReportX.ReportField of control txtTot was not a loaded control class.
Line 2633: Class ReportX.ReportField of control txtCodProd was not a loaded control class.
Line 2655: Class ReportX.ReportField of control txtDesc was not a loaded control class.
Line 2677: Class ReportX.ReportField of control txtUnit was not a loaded control class.
Line 2700: Class ReportX.ReportField of control txtQuant was not a loaded control class.
Line 2723: Class ReportX.ReportField of control txtTot was not a loaded control class.
Line 2746: Class ReportX.ReportField of control txtCodProd was not a loaded control class.
Line 2768: Class ReportX.ReportField of control txtDesc was not a loaded control class.
Line 2790: Class ReportX.ReportField of control txtUnit was not a loaded control class.
Line 2813: Class ReportX.ReportField of control txtQuant was not a loaded control class.
Line 2836: Class ReportX.ReportField of control txtTot was not a loaded control class.
Line 2859: Class ReportX.ReportField of control txtCodProd was not a loaded control class.
Line 2881: Class ReportX.ReportField of control txtDesc was not a loaded control class.
Line 2903: Class ReportX.ReportField of control txtUnit was not a loaded control class.
Line 2926: Class ReportX.ReportField of control txtQuant was not a loaded control class.
Line 2949: Class ReportX.ReportField of control txtTot was not a loaded control class.
