Line 20: Class ReportX.ReportMain of control Relatorio was not a loaded control class.
Line 33: Class ReportX.ReportSection of control ReportSection3 was not a loaded control class.
Line 42: Class ReportX.ReportField of control dfMES was not a loaded control class.
Line 61: Class ReportX.ReportField of control dfTOTAIS was not a loaded control class.
Line 82: Class ReportX.ReportField of control dfSAIDAS was not a loaded control class.
Line 103: Class ReportX.ReportField of control dfENTRADAS was not a loaded control class.
Line 223: Class ReportX.ReportSection of control ReportSection2 was not a loaded control class.
Line 231: Class ReportX.ReportField of control ReportField1 was not a loaded control class.
Line 251: Class ReportX.ReportField of control ReportField2 was not a loaded control class.
Line 272: Class ReportX.ReportField of control ReportField3 was not a loaded control class.
Line 293: Class ReportX.ReportField of control ReportField4 was not a loaded control class.
Line 316: Class ReportX.ReportSection of control ReportSection1 was not a loaded control class.
Line 325: Class ReportX.ReportField of control rf2 was not a loaded control class.
Line 346: Class ReportX.ReportField of control rf1 was not a loaded control class.
Line 367: Class ReportX.ReportField of control rf3 was not a loaded control class.
Line 388: Class ReportX.ReportField of control rf4 was not a loaded control class.
Line 527: Class ReportX.ReportField of control ReportField42 was not a loaded control class.
Line 549: Class ReportX.ReportField of control ReportField43 was not a loaded control class.
Line 571: Class ReportX.ReportField of control ReportField44 was not a loaded control class.
Line 593: Class ReportX.ReportField of control ReportField45 was not a loaded control class.
