Line 20: Class ReportX.ReportMain of control Relatorio was not a loaded control class.
Line 36: Class ReportX.ReportSection of control ReportSection1 was not a loaded control class.
Line 45: Class ReportX.ReportField of control lblSituacao was not a loaded control class.
Line 65: Class ReportX.ReportField of control lblSituacao was not a loaded control class.
Line 85: Class ReportX.ReportField of control lblSituacao was not a loaded control class.
Line 105: Class ReportX.ReportField of control lblSituacao was not a loaded control class.
Line 125: Class ReportX.ReportField of control lblSituacao was not a loaded control class.
Line 145: Class ReportX.ReportField of control ReportField9 was not a loaded control class.
Line 167: Class ReportX.ReportField of control ReportField12 was not a loaded control class.
Line 188: Class ReportX.ReportField of control txtEquipamento was not a loaded control class.
Line 210: Class ReportX.ReportField of control txtModelo was not a loaded control class.
Line 232: Class ReportX.ReportField of control ReportField10 was not a loaded control class.
Line 253: Class ReportX.ReportField of control lblAcessorio was not a loaded control class.
Line 273: Class ReportX.ReportField of control lblAcessorio was not a loaded control class.
Line 293: Class ReportX.ReportField of control lblAcessorio was not a loaded control class.
Line 313: Class ReportX.ReportField of control lblAcessorio was not a loaded control class.
Line 333: Class ReportX.ReportField of control lblAcessorio was not a loaded control class.
Line 353: Class ReportX.ReportField of control ReportField8 was not a loaded control class.
Line 375: Class ReportX.ReportField of control ReportField6 was not a loaded control class.
Line 397: Class ReportX.ReportField of control ReportField2 was not a loaded control class.
Line 421: Class ReportX.ReportField of control ReportField5 was not a loaded control class.
Line 443: Class ReportX.ReportField of control ReportField7 was not a loaded control class.
Line 464: Class ReportX.ReportField of control txtEntrada was not a loaded control class.
Line 488: Class ReportX.ReportField of control txtFuncionario was not a loaded control class.
Line 510: Class ReportX.ReportField of control txtDescricao was not a loaded control class.
Line 531: Class ReportX.ReportField of control txtMarca was not a loaded control class.
Line 553: Class ReportX.ReportField of control txtCliente was not a loaded control class.
Line 575: Class ReportX.ReportField of control txtDataEntrada was not a loaded control class.
Line 597: Class ReportX.ReportField of control ReportField11 was not a loaded control class.
Line 618: Class ReportX.ReportField of control rfMarca was not a loaded control class.
Line 639: Class ReportX.ReportField of control ReportField4 was not a loaded control class.
Line 660: Class ReportX.ReportField of control rfEquipamento was not a loaded control class.
Line 681: Class ReportX.ReportField of control ReportField1 was not a loaded control class.
Line 702: Class ReportX.ReportField of control txthead was not a loaded control class.
Line 724: Class ReportX.ReportField of control rf2 was not a loaded control class.
Line 745: Class ReportX.ReportField of control rf1 was not a loaded control class.
Line 766: Class ReportX.ReportField of control rf3 was not a loaded control class.
Line 787: Class ReportX.ReportField of control rf4 was not a loaded control class.
Line 808: Class ReportX.ReportField of control ReportField41 was not a loaded control class.
Line 830: Class ReportX.ReportField of control txtOS was not a loaded control class.
Line 850: Class ReportX.ReportField of control txtSaida was not a loaded control class.
Line 873: Class ReportX.ReportField of control ReportField3 was not a loaded control class.
Line 894: Class ReportX.ReportField of control Ret was not a loaded control class.
