Line 19: Class ReportX.ReportMain of control Relatorio was not a loaded control class.
Line 32: Class ReportX.ReportSection of control ReportSection2 was not a loaded control class.
Line 40: Class ReportX.ReportField of control ReportField1 was not a loaded control class.
Line 61: Class ReportX.ReportField of control ReportField3 was not a loaded control class.
Line 83: Class ReportX.ReportField of control ReportField4 was not a loaded control class.
Line 105: Class ReportX.ReportField of control ReportField5 was not a loaded control class.
Line 126: Class ReportX.ReportField of control ReportField7 was not a loaded control class.
Line 148: Class ReportX.ReportField of control ReportField8 was not a loaded control class.
Line 171: Class ReportX.ReportField of control ReportField9 was not a loaded control class.
Line 193: Class ReportX.ReportField of control ReportField2 was not a loaded control class.
Line 222: Class ReportX.ReportSection of control ReportSection4 was not a loaded control class.
Line 231: Class ReportX.ReportField of control rf2 was not a loaded control class.
Line 252: Class ReportX.ReportField of control rf1 was not a loaded control class.
Line 273: Class ReportX.ReportField of control rf3 was not a loaded control class.
Line 294: Class ReportX.ReportField of control rf4 was not a loaded control class.
Line 509: Class ReportX.ReportSection of control ReportSection3 was not a loaded control class.
Line 518: Class ReportX.ReportField of control rfData was not a loaded control class.
Line 537: Class ReportX.ReportField of control ReportField6 was not a loaded control class.
Line 558: Class ReportX.ReportField of control rfVENDA was not a loaded control class.
Line 579: Class ReportX.ReportField of control rfITENS was not a loaded control class.
Line 600: Class ReportX.ReportField of control rfTIPO was not a loaded control class.
