Line 19: Class ReportX.ReportMain of control Relatorio was not a loaded control class.
Line 32: Class ReportX.ReportSection of control ReportSection2 was not a loaded control class.
Line 40: Class ReportX.ReportField of control ReportField2 was not a loaded control class.
Line 60: Class ReportX.ReportField of control ReportField3 was not a loaded control class.
Line 81: Class ReportX.ReportField of control ReportField4 was not a loaded control class.
Line 101: Class ReportX.ReportField of control ReportField7 was not a loaded control class.
Line 121: Class ReportX.ReportField of control ReportField8 was not a loaded control class.
Line 142: Class ReportX.ReportField of control ReportField9 was not a loaded control class.
Line 163: Class ReportX.ReportField of control ReportField1 was not a loaded control class.
Line 183: Class ReportX.ReportField of control ReportField5 was not a loaded control class.
Line 204: Class ReportX.ReportSection of control ReportSection4 was not a loaded control class.
Line 213: Class ReportX.ReportField of control rf2 was not a loaded control class.
Line 234: Class ReportX.ReportField of control rf1 was not a loaded control class.
Line 255: Class ReportX.ReportField of control rf3 was not a loaded control class.
Line 276: Class ReportX.ReportField of control rf4 was not a loaded control class.
Line 491: Class ReportX.ReportSection of control ReportSection3 was not a loaded control class.
Line 500: Class ReportX.ReportField of control dfData was not a loaded control class.
Line 519: Class ReportX.ReportField of control ReportField6 was not a loaded control class.
Line 541: Class ReportX.ReportField of control dfTotal was not a loaded control class.
Line 563: Class ReportX.ReportField of control dfNota was not a loaded control class.
Line 582: Class ReportX.ReportField of control dfFornecedor was not a loaded control class.
