Line 20: Class ReportX.ReportSection of control ReportSection3 was not a loaded control class.
Line 29: Class ReportX.ReportField of control dfTipo was not a loaded control class.
Line 48: Class ReportX.ReportField of control ReportField6 was not a loaded control class.
Line 68: Class ReportX.ReportField of control dfQuantOS was not a loaded control class.
Line 89: Class ReportX.ReportField of control dfTotalOS was not a loaded control class.
Line 111: Class ReportX.ReportField of control dfQuantVenda was not a loaded control class.
Line 132: Class ReportX.ReportField of control dfTotalVenda was not a loaded control class.
Line 206: Class ReportX.ReportMain of control Relatorio was not a loaded control class.
Line 218: Class ReportX.ReportSection of control ReportSection2 was not a loaded control class.
Line 226: Class ReportX.ReportField of control ReportField7 was not a loaded control class.
Line 248: Class ReportX.ReportField of control ReportField1 was not a loaded control class.
Line 268: Class ReportX.ReportField of control ReportField2 was not a loaded control class.
Line 289: Class ReportX.ReportField of control ReportField3 was not a loaded control class.
Line 310: Class ReportX.ReportField of control ReportField4 was not a loaded control class.
Line 333: Class ReportX.ReportField of control ReportField5 was not a loaded control class.
Line 354: Class ReportX.ReportField of control ReportField8 was not a loaded control class.
Line 374: Class ReportX.ReportSection of control ReportSection1 was not a loaded control class.
Line 383: Class ReportX.ReportField of control rf2 was not a loaded control class.
Line 404: Class ReportX.ReportField of control rf1 was not a loaded control class.
Line 425: Class ReportX.ReportField of control rf3 was not a loaded control class.
Line 446: Class ReportX.ReportField of control rf4 was not a loaded control class.
Line 642: Class ReportX.ReportField of control ReportField42 was not a loaded control class.
Line 664: Class ReportX.ReportField of control ReportField43 was not a loaded control class.
Line 686: Class ReportX.ReportField of control ReportField44 was not a loaded control class.
Line 708: Class ReportX.ReportField of control ReportField45 was not a loaded control class.
