Line 13: Class ReportX.ReportMain of control Relatorio was not a loaded control class.
Line 30: Class ReportX.ReportSection of control ReportSection2 was not a loaded control class.
Line 39: Class ReportX.ReportField of control txtTipo was not a loaded control class.
Line 60: Class ReportX.ReportField of control txtRef was not a loaded control class.
Line 81: Class ReportX.ReportField of control txtVendedor was not a loaded control class.
Line 103: Class ReportX.ReportField of control txtNumero was not a loaded control class.
Line 126: Class ReportX.ReportField of control txtData was not a loaded control class.
Line 148: Class ReportX.ReportField of control txtValidade was not a loaded control class.
Line 171: Class ReportX.ReportField of control txtTot was not a loaded control class.
Line 194: Class ReportX.ReportField of control txtUnit was not a loaded control class.
Line 217: Class ReportX.ReportField of control txtQuant was not a loaded control class.
Line 240: Class ReportX.ReportField of control txtDesc was not a loaded control class.
Line 262: Class ReportX.ReportField of control txtTot was not a loaded control class.
Line 285: Class ReportX.ReportField of control txtUnit was not a loaded control class.
Line 308: Class ReportX.ReportField of control txtQuant was not a loaded control class.
Line 331: Class ReportX.ReportField of control txtDesc was not a loaded control class.
Line 353: Class ReportX.ReportField of control txtTot was not a loaded control class.
Line 376: Class ReportX.ReportField of control txtUnit was not a loaded control class.
Line 399: Class ReportX.ReportField of control txtQuant was not a loaded control class.
Line 422: Class ReportX.ReportField of control txtDesc was not a loaded control class.
Line 444: Class ReportX.ReportField of control txtTot was not a loaded control class.
Line 467: Class ReportX.ReportField of control txtUnit was not a loaded control class.
Line 490: Class ReportX.ReportField of control txtQuant was not a loaded control class.
Line 513: Class ReportX.ReportField of control txtDesc was not a loaded control class.
Line 535: Class ReportX.ReportField of control txtTot was not a loaded control class.
Line 558: Class ReportX.ReportField of control txtUnit was not a loaded control class.
Line 581: Class ReportX.ReportField of control txtQuant was not a loaded control class.
Line 604: Class ReportX.ReportField of control txtDesc was not a loaded control class.
Line 626: Class ReportX.ReportField of control txtTot was not a loaded control class.
Line 649: Class ReportX.ReportField of control txtUnit was not a loaded control class.
Line 672: Class ReportX.ReportField of control txtQuant was not a loaded control class.
Line 695: Class ReportX.ReportField of control txtDesc was not a loaded control class.
Line 717: Class ReportX.ReportField of control txtTot was not a loaded control class.
Line 740: Class ReportX.ReportField of control txtUnit was not a loaded control class.
Line 763: Class ReportX.ReportField of control txtQuant was not a loaded control class.
Line 786: Class ReportX.ReportField of control txtDesc was not a loaded control class.
Line 808: Class ReportX.ReportField of control txtTot was not a loaded control class.
Line 831: Class ReportX.ReportField of control txtUnit was not a loaded control class.
Line 854: Class ReportX.ReportField of control txtQuant was not a loaded control class.
Line 877: Class ReportX.ReportField of control txtDesc was not a loaded control class.
Line 899: Class ReportX.ReportField of control txtTot was not a loaded control class.
Line 922: Class ReportX.ReportField of control txtUnit was not a loaded control class.
Line 945: Class ReportX.ReportField of control txtQuant was not a loaded control class.
Line 968: Class ReportX.ReportField of control txtDesc was not a loaded control class.
Line 990: Class ReportX.ReportField of control txtTot was not a loaded control class.
Line 1013: Class ReportX.ReportField of control txtUnit was not a loaded control class.
Line 1036: Class ReportX.ReportField of control txtQuant was not a loaded control class.
Line 1059: Class ReportX.ReportField of control txtDesc was not a loaded control class.
Line 1081: Class ReportX.ReportField of control ReportField68 was not a loaded control class.
Line 1103: Class ReportX.ReportField of control ReportField39 was not a loaded control class.
Line 1125: Class ReportX.ReportField of control ReportField40 was not a loaded control class.
Line 1147: Class ReportX.ReportField of control ReportField47 was not a loaded control class.
Line 1169: Class ReportX.ReportField of control rf2 was not a loaded control class.
Line 1190: Class ReportX.ReportField of control rf1 was not a loaded control class.
Line 1212: Class ReportX.ReportField of control rf3 was not a loaded control class.
Line 1233: Class ReportX.ReportField of control rf4 was not a loaded control class.
Line 1254: Class ReportX.ReportField of control ReportField41 was not a loaded control class.
Line 1274: Class ReportX.ReportField of control txtCliente was not a loaded control class.
Line 1294: Class ReportX.ReportField of control ReportField6 was not a loaded control class.
Line 1316: Class ReportX.ReportField of control txtDesc was not a loaded control class.
Line 1338: Class ReportX.ReportField of control txtDesc was not a loaded control class.
Line 1360: Class ReportX.ReportField of control txtDesc was not a loaded control class.
Line 1382: Class ReportX.ReportField of control txtDesc was not a loaded control class.
Line 1404: Class ReportX.ReportField of control txtUnit was not a loaded control class.
Line 1427: Class ReportX.ReportField of control txtUnit was not a loaded control class.
Line 1450: Class ReportX.ReportField of control txtUnit was not a loaded control class.
Line 1473: Class ReportX.ReportField of control txtUnit was not a loaded control class.
Line 1496: Class ReportX.ReportField of control txtQuant was not a loaded control class.
Line 1519: Class ReportX.ReportField of control txtQuant was not a loaded control class.
Line 1542: Class ReportX.ReportField of control txtQuant was not a loaded control class.
Line 1565: Class ReportX.ReportField of control txtQuant was not a loaded control class.
Line 1588: Class ReportX.ReportField of control txtTot was not a loaded control class.
Line 1611: Class ReportX.ReportField of control txtTot was not a loaded control class.
Line 1634: Class ReportX.ReportField of control txtTot was not a loaded control class.
Line 1657: Class ReportX.ReportField of control txtTot was not a loaded control class.
Line 1680: Class ReportX.ReportField of control txtDesc was not a loaded control class.
Line 1702: Class ReportX.ReportField of control txtUnit was not a loaded control class.
Line 1725: Class ReportX.ReportField of control txtQuant was not a loaded control class.
Line 1748: Class ReportX.ReportField of control txtTot was not a loaded control class.
Line 1771: Class ReportX.ReportField of control txtDesc was not a loaded control class.
Line 1793: Class ReportX.ReportField of control txtUnit was not a loaded control class.
Line 1816: Class ReportX.ReportField of control txtQuant was not a loaded control class.
Line 1839: Class ReportX.ReportField of control txtTot was not a loaded control class.
Line 1862: Class ReportX.ReportField of control txtDesc was not a loaded control class.
Line 1884: Class ReportX.ReportField of control txtUnit was not a loaded control class.
Line 1907: Class ReportX.ReportField of control txtQuant was not a loaded control class.
Line 1930: Class ReportX.ReportField of control txtTot was not a loaded control class.
Line 1953: Class ReportX.ReportField of control rfVista was not a loaded control class.
Line 1976: Class ReportX.ReportField of control ReportField2 was not a loaded control class.
Line 1998: Class ReportX.ReportField of control rfDescVista was not a loaded control class.
Line 2021: Class ReportX.ReportField of control rfPrazo was not a loaded control class.
Line 2044: Class ReportX.ReportField of control ReportField10 was not a loaded control class.
Line 2066: Class ReportX.ReportField of control rfDescPrazo was not a loaded control class.
Line 2089: Class ReportX.ReportField of control ReportField1 was not a loaded control class.
Line 2111: Class ReportX.ReportField of control txtRef was not a loaded control class.
Line 2132: Class ReportX.ReportField of control txtRef was not a loaded control class.
Line 2153: Class ReportX.ReportField of control txtRef was not a loaded control class.
Line 2174: Class ReportX.ReportField of control txtRef was not a loaded control class.
Line 2195: Class ReportX.ReportField of control txtRef was not a loaded control class.
Line 2216: Class ReportX.ReportField of control txtRef was not a loaded control class.
Line 2237: Class ReportX.ReportField of control txtRef was not a loaded control class.
Line 2258: Class ReportX.ReportField of control txtRef was not a loaded control class.
Line 2279: Class ReportX.ReportField of control txtRef was not a loaded control class.
Line 2300: Class ReportX.ReportField of control txtRef was not a loaded control class.
Line 2321: Class ReportX.ReportField of control txtRef was not a loaded control class.
Line 2342: Class ReportX.ReportField of control txtRef was not a loaded control class.
Line 2363: Class ReportX.ReportField of control txtRef was not a loaded control class.
Line 2384: Class ReportX.ReportField of control txtRef was not a loaded control class.
Line 2405: Class ReportX.ReportField of control txtRef was not a loaded control class.
Line 2426: Class ReportX.ReportField of control txtRef was not a loaded control class.
Line 2447: Class ReportX.ReportField of control ReportField3 was not a loaded control class.
Line 2469: Class ReportX.ReportField of control txtTipo was not a loaded control class.
Line 2490: Class ReportX.ReportField of control txtTipo was not a loaded control class.
Line 2511: Class ReportX.ReportField of control txtTipo was not a loaded control class.
Line 2532: Class ReportX.ReportField of control txtTipo was not a loaded control class.
Line 2553: Class ReportX.ReportField of control txtTipo was not a loaded control class.
Line 2574: Class ReportX.ReportField of control txtTipo was not a loaded control class.
Line 2595: Class ReportX.ReportField of control txtTipo was not a loaded control class.
Line 2616: Class ReportX.ReportField of control txtTipo was not a loaded control class.
Line 2637: Class ReportX.ReportField of control txtTipo was not a loaded control class.
Line 2658: Class ReportX.ReportField of control txtTipo was not a loaded control class.
Line 2679: Class ReportX.ReportField of control txtTipo was not a loaded control class.
Line 2700: Class ReportX.ReportField of control txtTipo was not a loaded control class.
Line 2721: Class ReportX.ReportField of control txtTipo was not a loaded control class.
Line 2742: Class ReportX.ReportField of control txtTipo was not a loaded control class.
Line 2763: Class ReportX.ReportField of control txtTipo was not a loaded control class.
Line 2784: Class ReportX.ReportField of control txtTipo was not a loaded control class.
