Line 6: Property Icon in Caixa_Controle_semOS could not be set.
Line 486: Property Picture in img8 could not be set.
Line 729: Property Picture in img7 could not be set.
Line 764: Cannot load control cmdSenha.
Line 828: Cannot load control cmdSalvarTroco.
Line 1151: Property Picture in img6 could not be set.
Line 1159: Property Picture in img5 could not be set.
Line 1167: Property Picture in img4 could not be set.
Line 1175: Property Picture in img3 could not be set.
Line 1183: Property Picture in img2 could not be set.
Line 1191: Property Picture in img1 could not be set.
Line 1357: Cannot load control cmdMaqOK.
Line 1428: Cannot load control cmdOKSetor.
Line 1506: Cannot load control cmdCal1.
Line 1547: Cannot load control cmdOKData.
Line 1626: Property Picture in Image1 could not be set.
Line 1674: Cannot load control cmdMostrar.
Line 1713: Cannot load control cmdAbrirCaixa.
Line 1753: Cannot load control cmdImprimir.
Line 1792: Cannot load control cmdTroco.
Line 1831: Cannot load control cmdFecharCaixa.
Line 1870: Cannot load control cmdContarMoedas.
Line 1995: Cannot load control cmdExibirDetalhado.
