Line 100: Class MSComctlLib.StatusBar of control StatusBar1 was not a loaded control class.
Line 141: Class TabDlg.SSTab of control SSTab1 was not a loaded control class.
Line 897: Class MSFlexGridLib.MSFlexGrid of control Grid_Comp was not a loaded control class.
Line 910: Class ChamaleonBtn.chameleonButton of control cmdRemoverComp was not a loaded control class.
Line 948: Class ChamaleonBtn.chameleonButton of control cmdAdicionarComp was not a loaded control class.
Line 1086: Class ChamaleonBtn.chameleonButton of control cmdBuscarCEST was not a loaded control class.
Line 1124: Class ChamaleonBtn.chameleonButton of control cmdConsultarNCMean was not a loaded control class.
Line 1162: Class ChamaleonBtn.chameleonButton of control cmdConsultarNCM was not a loaded control class.
Line 1486: Class ChamaleonBtn.chameleonButton of control chameleonButton1 was not a loaded control class.
Line 1695: Class ChamaleonBtn.chameleonButton of control cmdRepetir was not a loaded control class.
Line 2031: Class ChamaleonBtn.chameleonButton of control cmdExibirQuant was not a loaded control class.
Line 2113: Class ChamaleonBtn.chameleonButton of control cmdExibirPreco was not a loaded control class.
Line 2251: Class MSFlexGridLib.MSFlexGrid of control Grid_Quant was not a loaded control class.
Line 2267: Class MSFlexGridLib.MSFlexGrid of control Grid was not a loaded control class.
Line 2279: Class MSFlexGridLib.MSFlexGrid of control GridPrecos was not a loaded control class.
Line 2295: Class ChamaleonBtn.chameleonButton of control cmdCancelar was not a loaded control class.
Line 2334: Class ChamaleonBtn.chameleonButton of control cmdAlterar was not a loaded control class.
Line 2373: Class ChamaleonBtn.chameleonButton of control cmdExcluir was not a loaded control class.
Line 2412: Class ChamaleonBtn.chameleonButton of control cmdSalvar was not a loaded control class.
Line 2451: Class ChamaleonBtn.chameleonButton of control cmdNovo was not a loaded control class.
Line 2490: Class ChamaleonBtn.chameleonButton of control cmdSair was not a loaded control class.
Line 2529: Class ChamaleonBtn.chameleonButton of control cmdImprimir was not a loaded control class.
Line 2568: Class ChamaleonBtn.chameleonButton of control cmdExibir was not a loaded control class.
Line 2607: Class ChamaleonBtn.chameleonButton of control cmd was not a loaded control class.
